[ 2016-09-21T19:59:50+08:00 ] ::1 /qjty/index.php?s=/addon/Orienteering/WapSignup/step3/id/23.html
INFO: [ app_init ] --START--
INFO: Run Behavior\BuildLiteBehavior [ RunTime:0.000010s ]
INFO: Run Common\Behavior\InitHookBehavior [ RunTime:0.000913s ]
INFO: [ app_init ] --END-- [ RunTime:0.001181s ]
INFO: [ app_begin ] --START--
INFO: Run Behavior\ReadHtmlCacheBehavior [ RunTime:0.000300s ]
INFO: [ app_begin ] --END-- [ RunTime:0.000331s ]
NOTIC: [8] Undefined index: uid /Applications/XAMPP/xamppfiles/htdocs/qjty/ThinkPHP/Library/Think/Controller.class.php 第 524 行.
NOTIC: [8] Undefined index: query /Applications/XAMPP/xamppfiles/htdocs/qjty/ThinkPHP/Common/functions.php 第 1002 行.
NOTIC: [8] Undefined index: query /Applications/XAMPP/xamppfiles/htdocs/qjty/ThinkPHP/Common/functions.php 第 1002 行.
NOTIC: [8] Undefined variable: thumb /Applications/XAMPP/xamppfiles/htdocs/qjty/Application/Common/Common/function.php 第 1071 行.
NOTIC: [8] Undefined index: template_step3 /Applications/XAMPP/xamppfiles/htdocs/qjty/Addons/Orienteering/Controller/WapController.class.php 第 22 行.
SQL: SELECT * FROM `wp_ori_project` WHERE `id` = 23 LIMIT 1   [ RunTime:0.0004s ]
NOTIC: [2] Missing argument 1 for Addons\Orienteering\Model\FooterModel::get_list(), called in /Applications/XAMPP/xamppfiles/htdocs/qjty/Addons/Orienteering/Controller/WapController.class.php on line 97 and defined /Applications/XAMPP/xamppfiles/htdocs/qjty/Addons/Orienteering/Model/FooterModel.class.php 第 12 行.
NOTIC: [8] Undefined variable: addons /Applications/XAMPP/xamppfiles/htdocs/qjty/Application/Common/Common/function.php 第 501 行.
NOTIC: [8] Undefined variable: thumb /Applications/XAMPP/xamppfiles/htdocs/qjty/Application/Common/Common/function.php 第 1071 行.
NOTIC: [8] Undefined variable: addons /Applications/XAMPP/xamppfiles/htdocs/qjty/Application/Common/Common/function.php 第 501 行.
NOTIC: [8] Undefined variable: thumb /Applications/XAMPP/xamppfiles/htdocs/qjty/Application/Common/Common/function.php 第 1071 行.
NOTIC: [8] Undefined variable: addons /Applications/XAMPP/xamppfiles/htdocs/qjty/Application/Common/Common/function.php 第 501 行.
NOTIC: [8] Undefined variable: thumb /Applications/XAMPP/xamppfiles/htdocs/qjty/Application/Common/Common/function.php 第 1071 行.
NOTIC: [8] Undefined variable: addons /Applications/XAMPP/xamppfiles/htdocs/qjty/Application/Common/Common/function.php 第 501 行.
NOTIC: [8] Undefined variable: thumb /Applications/XAMPP/xamppfiles/htdocs/qjty/Application/Common/Common/function.php 第 1071 行.
NOTIC: [8] Undefined variable: addons /Applications/XAMPP/xamppfiles/htdocs/qjty/Application/Common/Common/function.php 第 501 行.
NOTIC: [8] Undefined variable: addons /Applications/XAMPP/xamppfiles/htdocs/qjty/Application/Common/Common/function.php 第 501 行.
INFO: [ view_parse ] --START--
INFO: [ template_filter ] --START--
INFO: Run Behavior\ContentReplaceBehavior [ RunTime:0.000041s ]
INFO: [ template_filter ] --END-- [ RunTime:0.000098s ]
INFO: Run Behavior\ParseTemplateBehavior [ RunTime:0.008238s ]
INFO: [ view_parse ] --END-- [ RunTime:0.008281s ]
INFO: [ view_filter ] --START--
INFO: Run Behavior\WriteHtmlCacheBehavior [ RunTime:0.000177s ]
INFO: [ view_filter ] --END-- [ RunTime:0.000204s ]
SQL: SELECT `id` FROM `wp_ori_team` WHERE `leader_uid` = 1 AND `project_id` = 23 LIMIT 1   [ RunTime:0.0006s ]
INFO: [ view_parse ] --START--
INFO: [ template_filter ] --START--
INFO: Run Behavior\ContentReplaceBehavior [ RunTime:0.000050s ]
INFO: [ template_filter ] --END-- [ RunTime:-0.005947s ]
NOTIC: [8] Use of undefined constant id - assumed 'id' /Applications/XAMPP/xamppfiles/htdocs/qjty/Runtime/Cache/Home/7a6aa1be6a20e316ea398c1f235efeb0.php 第 38 行.
NOTIC: [8] Undefined variable: addons /Applications/XAMPP/xamppfiles/htdocs/qjty/Application/Common/Common/function.php 第 501 行.
INFO: Run Behavior\ParseTemplateBehavior [ RunTime:0.003020s ]
INFO: [ view_parse ] --END-- [ RunTime:-0.002639s ]
INFO: [ view_filter ] --START--
INFO: Run Behavior\WriteHtmlCacheBehavior [ RunTime:0.000008s ]
INFO: [ view_filter ] --END-- [ RunTime:-0.005495s ]
INFO: [ app_end ] --START--
INFO: Run Behavior\ShowPageTraceBehavior [ RunTime:0.000416s ]
INFO: Run Behavior\CronRunBehavior [ RunTime:0.000418s ]
INFO: [ app_end ] --END-- [ RunTime:0.000894s ]

[ 2016-09-21T20:00:08+08:00 ] ::1 /qjty/index.php?s=/addon/Vote/ShopVote/lists.html&mdm=17|345
INFO: [ app_init ] --START--
INFO: Run Behavior\BuildLiteBehavior [ RunTime:0.000034s ]
INFO: Run Common\Behavior\InitHookBehavior [ RunTime:0.001434s ]
INFO: [ app_init ] --END-- [ RunTime:0.001953s ]
INFO: [ app_begin ] --START--
INFO: Run Behavior\ReadHtmlCacheBehavior [ RunTime:0.000604s ]
INFO: [ app_begin ] --END-- [ RunTime:0.000647s ]
NOTIC: [2048] Declaration of Addons\Vote\Controller\ShopVoteController::lists() should be compatible with Home\Controller\AddonsController::lists($model = NULL, $page = 0) /Applications/XAMPP/xamppfiles/htdocs/qjty/Addons/Vote/Controller/ShopVoteController.class.php 第 7 行.
NOTIC: [2048] Declaration of Addons\Vote\Controller\ShopVoteController::edit() should be compatible with Home\Controller\AddonsController::edit($model = NULL, $id = 0) /Applications/XAMPP/xamppfiles/htdocs/qjty/Addons/Vote/Controller/ShopVoteController.class.php 第 7 行.
NOTIC: [2048] Declaration of Addons\Vote\Controller\ShopVoteController::add() should be compatible with Home\Controller\AddonsController::add($model = NULL) /Applications/XAMPP/xamppfiles/htdocs/qjty/Addons/Vote/Controller/ShopVoteController.class.php 第 7 行.
NOTIC: [2048] Declaration of Addons\Vote\Controller\ShopVoteController::del() should be compatible with Home\Controller\AddonsController::del($model = NULL, $ids = NULL) /Applications/XAMPP/xamppfiles/htdocs/qjty/Addons/Vote/Controller/ShopVoteController.class.php 第 7 行.
NOTIC: [8] Undefined index: uid /Applications/XAMPP/xamppfiles/htdocs/qjty/ThinkPHP/Library/Think/Controller.class.php 第 524 行.
NOTIC: [8] Undefined variable: addons /Applications/XAMPP/xamppfiles/htdocs/qjty/Application/Common/Common/function.php 第 501 行.
NOTIC: [8] Undefined variable: addons /Applications/XAMPP/xamppfiles/htdocs/qjty/Application/Common/Common/function.php 第 501 行.
NOTIC: [8] Undefined variable: addons /Applications/XAMPP/xamppfiles/htdocs/qjty/Application/Common/Common/function.php 第 501 行.
NOTIC: [8] Undefined variable: addons /Applications/XAMPP/xamppfiles/htdocs/qjty/Application/Common/Common/function.php 第 501 行.
NOTIC: [8] Undefined variable: addons /Applications/XAMPP/xamppfiles/htdocs/qjty/Application/Common/Common/function.php 第 501 行.
NOTIC: [8] Undefined variable: addons /Applications/XAMPP/xamppfiles/htdocs/qjty/Application/Common/Common/function.php 第 501 行.
NOTIC: [8] Undefined variable: addons /Applications/XAMPP/xamppfiles/htdocs/qjty/Application/Common/Common/function.php 第 501 行.
NOTIC: [8] Undefined variable: addons /Applications/XAMPP/xamppfiles/htdocs/qjty/Application/Common/Common/function.php 第 501 行.
NOTIC: [8] Undefined variable: addons /Applications/XAMPP/xamppfiles/htdocs/qjty/Application/Common/Common/function.php 第 501 行.
NOTIC: [8] Undefined variable: addons /Applications/XAMPP/xamppfiles/htdocs/qjty/Application/Common/Common/function.php 第 501 行.
NOTIC: [8] Undefined variable: addons /Applications/XAMPP/xamppfiles/htdocs/qjty/Application/Common/Common/function.php 第 501 行.
NOTIC: [8] Undefined variable: addons /Applications/XAMPP/xamppfiles/htdocs/qjty/Application/Common/Common/function.php 第 501 行.
NOTIC: [8] Undefined variable: addons /Applications/XAMPP/xamppfiles/htdocs/qjty/Application/Common/Common/function.php 第 501 行.
NOTIC: [8] Undefined variable: addons /Applications/XAMPP/xamppfiles/htdocs/qjty/Application/Common/Common/function.php 第 501 行.
NOTIC: [8] Undefined variable: addons /Applications/XAMPP/xamppfiles/htdocs/qjty/Application/Common/Common/function.php 第 501 行.
NOTIC: [8] Undefined variable: addons /Applications/XAMPP/xamppfiles/htdocs/qjty/Application/Common/Common/function.php 第 501 行.
NOTIC: [8] Undefined variable: addons /Applications/XAMPP/xamppfiles/htdocs/qjty/Application/Common/Common/function.php 第 501 行.
NOTIC: [8] Undefined variable: addons /Applications/XAMPP/xamppfiles/htdocs/qjty/Application/Common/Common/function.php 第 501 行.
NOTIC: [8] Undefined variable: addons /Applications/XAMPP/xamppfiles/htdocs/qjty/Application/Common/Common/function.php 第 501 行.
NOTIC: [8] Undefined variable: addons /Applications/XAMPP/xamppfiles/htdocs/qjty/Application/Common/Common/function.php 第 501 行.
NOTIC: [8] Undefined variable: addons /Applications/XAMPP/xamppfiles/htdocs/qjty/Application/Common/Common/function.php 第 501 行.
NOTIC: [8] Undefined variable: addons /Applications/XAMPP/xamppfiles/htdocs/qjty/Application/Common/Common/function.php 第 501 行.
NOTIC: [8] Undefined variable: addons /Applications/XAMPP/xamppfiles/htdocs/qjty/Application/Common/Common/function.php 第 501 行.
NOTIC: [8] Undefined variable: addons /Applications/XAMPP/xamppfiles/htdocs/qjty/Application/Common/Common/function.php 第 501 行.
NOTIC: [8] Undefined variable: addons /Applications/XAMPP/xamppfiles/htdocs/qjty/Application/Common/Common/function.php 第 501 行.
NOTIC: [8] Undefined variable: addons /Applications/XAMPP/xamppfiles/htdocs/qjty/Application/Common/Common/function.php 第 501 行.
NOTIC: [8] Undefined variable: addons /Applications/XAMPP/xamppfiles/htdocs/qjty/Application/Common/Common/function.php 第 501 行.
NOTIC: [8] Undefined variable: addons /Applications/XAMPP/xamppfiles/htdocs/qjty/Application/Common/Common/function.php 第 501 行.
NOTIC: [8] Undefined variable: addons /Applications/XAMPP/xamppfiles/htdocs/qjty/Application/Common/Common/function.php 第 501 行.
NOTIC: [8] Undefined variable: addons /Applications/XAMPP/xamppfiles/htdocs/qjty/Application/Common/Common/function.php 第 501 行.
NOTIC: [8] Undefined variable: addons /Applications/XAMPP/xamppfiles/htdocs/qjty/Application/Common/Common/function.php 第 501 行.
NOTIC: [8] Undefined variable: addons /Applications/XAMPP/xamppfiles/htdocs/qjty/Application/Common/Common/function.php 第 501 行.
NOTIC: [8] Undefined variable: addons /Applications/XAMPP/xamppfiles/htdocs/qjty/Application/Common/Common/function.php 第 501 行.
NOTIC: [8] Undefined variable: addons /Applications/XAMPP/xamppfiles/htdocs/qjty/Application/Common/Common/function.php 第 501 行.
NOTIC: [8] Undefined variable: addons /Applications/XAMPP/xamppfiles/htdocs/qjty/Application/Common/Common/function.php 第 501 行.
NOTIC: [8] Undefined variable: addons /Applications/XAMPP/xamppfiles/htdocs/qjty/Application/Common/Common/function.php 第 501 行.
NOTIC: [8] Undefined variable: addons /Applications/XAMPP/xamppfiles/htdocs/qjty/Application/Common/Common/function.php 第 501 行.
NOTIC: [8] Undefined variable: addons /Applications/XAMPP/xamppfiles/htdocs/qjty/Application/Common/Common/function.php 第 501 行.
SQL: SELECT * FROM `wp_manager_menu` WHERE `uid` = 1 AND `is_hide` = 0 ORDER BY sort asc, id asc  [ RunTime:0.0009s ]
NOTIC: [8] Undefined variable: addons /Applications/XAMPP/xamppfiles/htdocs/qjty/Application/Common/Common/function.php 第 501 行.
NOTIC: [8] Undefined variable: addons /Applications/XAMPP/xamppfiles/htdocs/qjty/Application/Common/Common/function.php 第 501 行.
NOTIC: [8] Undefined variable: addons /Applications/XAMPP/xamppfiles/htdocs/qjty/Application/Common/Common/function.php 第 501 行.
NOTIC: [8] Undefined variable: addons /Applications/XAMPP/xamppfiles/htdocs/qjty/Application/Common/Common/function.php 第 501 行.
NOTIC: [8] Undefined variable: addons /Applications/XAMPP/xamppfiles/htdocs/qjty/Application/Common/Common/function.php 第 501 行.
NOTIC: [8] Undefined variable: addons /Applications/XAMPP/xamppfiles/htdocs/qjty/Application/Common/Common/function.php 第 501 行.
NOTIC: [8] Undefined variable: addons /Applications/XAMPP/xamppfiles/htdocs/qjty/Application/Common/Common/function.php 第 501 行.
NOTIC: [8] Undefined variable: addons /Applications/XAMPP/xamppfiles/htdocs/qjty/Application/Common/Common/function.php 第 501 行.
NOTIC: [8] Undefined variable: addons /Applications/XAMPP/xamppfiles/htdocs/qjty/Application/Common/Common/function.php 第 501 行.
NOTIC: [8] Undefined offset: 14 /Applications/XAMPP/xamppfiles/htdocs/qjty/Application/Common/Model/ManagerMenuModel.class.php 第 106 行.
NOTIC: [8] Undefined offset: 14 /Applications/XAMPP/xamppfiles/htdocs/qjty/Application/Common/Model/ManagerMenuModel.class.php 第 116 行.
NOTIC: [8] Undefined offset: 60 /Applications/XAMPP/xamppfiles/htdocs/qjty/Application/Common/Model/ManagerMenuModel.class.php 第 106 行.
NOTIC: [8] Undefined offset: 60 /Applications/XAMPP/xamppfiles/htdocs/qjty/Application/Common/Model/ManagerMenuModel.class.php 第 116 行.
SQL: SELECT * FROM `wp_public_link` WHERE `uid` = 1  [ RunTime:0.0003s ]
NOTIC: [8] Undefined index: query /Applications/XAMPP/xamppfiles/htdocs/qjty/ThinkPHP/Common/functions.php 第 1002 行.
SQL: SELECT * FROM `wp_model` WHERE `name` = 'shop_vote' LIMIT 1   [ RunTime:0.0014s ]
NOTIC: [8] Undefined variable: addons /Applications/XAMPP/xamppfiles/htdocs/qjty/Application/Common/Common/function.php 第 501 行.
SQL: SELECT `name` FROM `wp_attribute` WHERE ( model_id=163 )  [ RunTime:0.0023s ]
SQL: SELECT * FROM `wp_model` WHERE `id` = 163 LIMIT 1   [ RunTime:0.0006s ]
SQL: SHOW COLUMNS FROM `wp_shop_vote` [ RunTime:0.0035s ]
SQL: SELECT `title`,`select_type`,`start_time`,`end_time`,`remark`,`id` FROM `wp_shop_vote` WHERE `token` = 'gh_b23feae36317' ORDER BY id desc LIMIT 0,10   [ RunTime:0.0010s ]
SQL: SELECT COUNT(*) AS tp_count FROM `wp_shop_vote` WHERE `token` = 'gh_b23feae36317' LIMIT 1   [ RunTime:0.0003s ]
INFO: [ view_parse ] --START--
INFO: [ template_filter ] --START--
INFO: Run Behavior\ContentReplaceBehavior [ RunTime:0.000232s ]
INFO: [ template_filter ] --END-- [ RunTime:0.000277s ]
NOTIC: [8] Use of undefined constant website_logo - assumed 'website_logo' /Applications/XAMPP/xamppfiles/htdocs/qjty/Runtime/Cache/Home/387e1e11b9e3bfcbf3ff3caee77639d6.php 第 58 行.
NOTIC: [8] Use of undefined constant mp_id - assumed 'mp_id' /Applications/XAMPP/xamppfiles/htdocs/qjty/Runtime/Cache/Home/387e1e11b9e3bfcbf3ff3caee77639d6.php 第 65 行.
NOTIC: [8] Use of undefined constant headimgurl - assumed 'headimgurl' /Applications/XAMPP/xamppfiles/htdocs/qjty/Runtime/Cache/Home/387e1e11b9e3bfcbf3ff3caee77639d6.php 第 84 行.
NOTIC: [8] Undefined variable: output /Applications/XAMPP/xamppfiles/htdocs/qjty/Application/Common/Common/function.php 第 1756 行.
NOTIC: [8] Undefined variable: core_side_category /Applications/XAMPP/xamppfiles/htdocs/qjty/Runtime/Cache/Home/387e1e11b9e3bfcbf3ff3caee77639d6.php 第 124 行.
NOTIC: [8] Undefined variable: add_url /Applications/XAMPP/xamppfiles/htdocs/qjty/Runtime/Cache/Home/387e1e11b9e3bfcbf3ff3caee77639d6.php 第 160 行.
NOTIC: [8] Undefined variable: del_url /Applications/XAMPP/xamppfiles/htdocs/qjty/Runtime/Cache/Home/387e1e11b9e3bfcbf3ff3caee77639d6.php 第 161 行.
NOTIC: [8] Use of undefined constant model - assumed 'model' /Applications/XAMPP/xamppfiles/htdocs/qjty/Runtime/Cache/Home/387e1e11b9e3bfcbf3ff3caee77639d6.php 第 171 行.
NOTIC: [8] Undefined variable: search_url /Applications/XAMPP/xamppfiles/htdocs/qjty/Runtime/Cache/Home/387e1e11b9e3bfcbf3ff3caee77639d6.php 第 171 行.
NOTIC: [8] Undefined variable: addons /Applications/XAMPP/xamppfiles/htdocs/qjty/Application/Common/Common/function.php 第 501 行.
SQL: SELECT * FROM `wp_attribute` WHERE `extra` !="" AND `model_id` = 163  [ RunTime:0.0005s ]
NOTIC: [8] Undefined index: ids /Applications/XAMPP/xamppfiles/htdocs/qjty/Application/Common/Common/function.php 第 1262 行.
INFO: Run Behavior\ParseTemplateBehavior [ RunTime:0.029796s ]
INFO: [ view_parse ] --END-- [ RunTime:0.029833s ]
INFO: [ view_filter ] --START--
INFO: Run Behavior\WriteHtmlCacheBehavior [ RunTime:0.000147s ]
INFO: [ view_filter ] --END-- [ RunTime:0.000174s ]
INFO: [ app_end ] --START--
INFO: Run Behavior\ShowPageTraceBehavior [ RunTime:0.000494s ]
INFO: Run Behavior\CronRunBehavior [ RunTime:0.000764s ]
INFO: [ app_end ] --END-- [ RunTime:0.001362s ]

[ 2016-09-21T20:00:40+08:00 ] ::1 /qjty/index.php?s=/addon/Orienteering/Orienteering/lists.html&mdm=17|366
INFO: [ app_init ] --START--
INFO: Run Behavior\BuildLiteBehavior [ RunTime:0.000010s ]
INFO: Run Common\Behavior\InitHookBehavior [ RunTime:0.000893s ]
INFO: [ app_init ] --END-- [ RunTime:0.001151s ]
INFO: [ app_begin ] --START--
INFO: Run Behavior\ReadHtmlCacheBehavior [ RunTime:0.000298s ]
INFO: [ app_begin ] --END-- [ RunTime:0.000326s ]
NOTIC: [2048] Declaration of Addons\Orienteering\Controller\OrienteeringController::lists() should be compatible with Home\Controller\AddonsController::lists($model = NULL, $page = 0) /Applications/XAMPP/xamppfiles/htdocs/qjty/Addons/Orienteering/Controller/OrienteeringController.class.php 第 6 行.
NOTIC: [8] Undefined index: uid /Applications/XAMPP/xamppfiles/htdocs/qjty/ThinkPHP/Library/Think/Controller.class.php 第 524 行.
NOTIC: [8] Undefined variable: addons /Applications/XAMPP/xamppfiles/htdocs/qjty/Application/Common/Common/function.php 第 501 行.
NOTIC: [8] Undefined variable: addons /Applications/XAMPP/xamppfiles/htdocs/qjty/Application/Common/Common/function.php 第 501 行.
NOTIC: [8] Undefined variable: addons /Applications/XAMPP/xamppfiles/htdocs/qjty/Application/Common/Common/function.php 第 501 行.
NOTIC: [8] Undefined variable: addons /Applications/XAMPP/xamppfiles/htdocs/qjty/Application/Common/Common/function.php 第 501 行.
NOTIC: [8] Undefined variable: addons /Applications/XAMPP/xamppfiles/htdocs/qjty/Application/Common/Common/function.php 第 501 行.
NOTIC: [8] Undefined variable: addons /Applications/XAMPP/xamppfiles/htdocs/qjty/Application/Common/Common/function.php 第 501 行.
NOTIC: [8] Undefined variable: addons /Applications/XAMPP/xamppfiles/htdocs/qjty/Application/Common/Common/function.php 第 501 行.
NOTIC: [8] Undefined variable: addons /Applications/XAMPP/xamppfiles/htdocs/qjty/Application/Common/Common/function.php 第 501 行.
NOTIC: [8] Undefined variable: addons /Applications/XAMPP/xamppfiles/htdocs/qjty/Application/Common/Common/function.php 第 501 行.
NOTIC: [8] Undefined variable: addons /Applications/XAMPP/xamppfiles/htdocs/qjty/Application/Common/Common/function.php 第 501 行.
NOTIC: [8] Undefined variable: addons /Applications/XAMPP/xamppfiles/htdocs/qjty/Application/Common/Common/function.php 第 501 行.
NOTIC: [8] Undefined variable: addons /Applications/XAMPP/xamppfiles/htdocs/qjty/Application/Common/Common/function.php 第 501 行.
NOTIC: [8] Undefined variable: addons /Applications/XAMPP/xamppfiles/htdocs/qjty/Application/Common/Common/function.php 第 501 行.
NOTIC: [8] Undefined variable: addons /Applications/XAMPP/xamppfiles/htdocs/qjty/Application/Common/Common/function.php 第 501 行.
NOTIC: [8] Undefined variable: addons /Applications/XAMPP/xamppfiles/htdocs/qjty/Application/Common/Common/function.php 第 501 行.
NOTIC: [8] Undefined variable: addons /Applications/XAMPP/xamppfiles/htdocs/qjty/Application/Common/Common/function.php 第 501 行.
NOTIC: [8] Undefined variable: addons /Applications/XAMPP/xamppfiles/htdocs/qjty/Application/Common/Common/function.php 第 501 行.
NOTIC: [8] Undefined variable: addons /Applications/XAMPP/xamppfiles/htdocs/qjty/Application/Common/Common/function.php 第 501 行.
NOTIC: [8] Undefined variable: addons /Applications/XAMPP/xamppfiles/htdocs/qjty/Application/Common/Common/function.php 第 501 行.
NOTIC: [8] Undefined variable: addons /Applications/XAMPP/xamppfiles/htdocs/qjty/Application/Common/Common/function.php 第 501 行.
NOTIC: [8] Undefined variable: addons /Applications/XAMPP/xamppfiles/htdocs/qjty/Application/Common/Common/function.php 第 501 行.
NOTIC: [8] Undefined variable: addons /Applications/XAMPP/xamppfiles/htdocs/qjty/Application/Common/Common/function.php 第 501 行.
NOTIC: [8] Undefined variable: addons /Applications/XAMPP/xamppfiles/htdocs/qjty/Application/Common/Common/function.php 第 501 行.
NOTIC: [8] Undefined variable: addons /Applications/XAMPP/xamppfiles/htdocs/qjty/Application/Common/Common/function.php 第 501 行.
NOTIC: [8] Undefined variable: addons /Applications/XAMPP/xamppfiles/htdocs/qjty/Application/Common/Common/function.php 第 501 行.
NOTIC: [8] Undefined variable: addons /Applications/XAMPP/xamppfiles/htdocs/qjty/Application/Common/Common/function.php 第 501 行.
NOTIC: [8] Undefined variable: addons /Applications/XAMPP/xamppfiles/htdocs/qjty/Application/Common/Common/function.php 第 501 行.
NOTIC: [8] Undefined variable: addons /Applications/XAMPP/xamppfiles/htdocs/qjty/Application/Common/Common/function.php 第 501 行.
NOTIC: [8] Undefined variable: addons /Applications/XAMPP/xamppfiles/htdocs/qjty/Application/Common/Common/function.php 第 501 行.
NOTIC: [8] Undefined variable: addons /Applications/XAMPP/xamppfiles/htdocs/qjty/Application/Common/Common/function.php 第 501 行.
NOTIC: [8] Undefined variable: addons /Applications/XAMPP/xamppfiles/htdocs/qjty/Application/Common/Common/function.php 第 501 行.
NOTIC: [8] Undefined variable: addons /Applications/XAMPP/xamppfiles/htdocs/qjty/Application/Common/Common/function.php 第 501 行.
NOTIC: [8] Undefined variable: addons /Applications/XAMPP/xamppfiles/htdocs/qjty/Application/Common/Common/function.php 第 501 行.
NOTIC: [8] Undefined variable: addons /Applications/XAMPP/xamppfiles/htdocs/qjty/Application/Common/Common/function.php 第 501 行.
NOTIC: [8] Undefined variable: addons /Applications/XAMPP/xamppfiles/htdocs/qjty/Application/Common/Common/function.php 第 501 行.
NOTIC: [8] Undefined variable: addons /Applications/XAMPP/xamppfiles/htdocs/qjty/Application/Common/Common/function.php 第 501 行.
NOTIC: [8] Undefined variable: addons /Applications/XAMPP/xamppfiles/htdocs/qjty/Application/Common/Common/function.php 第 501 行.
NOTIC: [8] Undefined variable: addons /Applications/XAMPP/xamppfiles/htdocs/qjty/Application/Common/Common/function.php 第 501 行.
SQL: SELECT * FROM `wp_manager_menu` WHERE `uid` = 1 AND `is_hide` = 0 ORDER BY sort asc, id asc  [ RunTime:0.0008s ]
NOTIC: [8] Undefined variable: addons /Applications/XAMPP/xamppfiles/htdocs/qjty/Application/Common/Common/function.php 第 501 行.
NOTIC: [8] Undefined variable: addons /Applications/XAMPP/xamppfiles/htdocs/qjty/Application/Common/Common/function.php 第 501 行.
NOTIC: [8] Undefined variable: addons /Applications/XAMPP/xamppfiles/htdocs/qjty/Application/Common/Common/function.php 第 501 行.
NOTIC: [8] Undefined variable: addons /Applications/XAMPP/xamppfiles/htdocs/qjty/Application/Common/Common/function.php 第 501 行.
NOTIC: [8] Undefined variable: addons /Applications/XAMPP/xamppfiles/htdocs/qjty/Application/Common/Common/function.php 第 501 行.
NOTIC: [8] Undefined variable: addons /Applications/XAMPP/xamppfiles/htdocs/qjty/Application/Common/Common/function.php 第 501 行.
NOTIC: [8] Undefined variable: addons /Applications/XAMPP/xamppfiles/htdocs/qjty/Application/Common/Common/function.php 第 501 行.
NOTIC: [8] Undefined variable: addons /Applications/XAMPP/xamppfiles/htdocs/qjty/Application/Common/Common/function.php 第 501 行.
NOTIC: [8] Undefined variable: addons /Applications/XAMPP/xamppfiles/htdocs/qjty/Application/Common/Common/function.php 第 501 行.
NOTIC: [8] Undefined offset: 14 /Applications/XAMPP/xamppfiles/htdocs/qjty/Application/Common/Model/ManagerMenuModel.class.php 第 106 行.
NOTIC: [8] Undefined offset: 14 /Applications/XAMPP/xamppfiles/htdocs/qjty/Application/Common/Model/ManagerMenuModel.class.php 第 116 行.
NOTIC: [8] Undefined offset: 60 /Applications/XAMPP/xamppfiles/htdocs/qjty/Application/Common/Model/ManagerMenuModel.class.php 第 106 行.
NOTIC: [8] Undefined offset: 60 /Applications/XAMPP/xamppfiles/htdocs/qjty/Application/Common/Model/ManagerMenuModel.class.php 第 116 行.
SQL: SELECT * FROM `wp_public_link` WHERE `uid` = 1  [ RunTime:0.0004s ]
NOTIC: [8] Undefined variable: addons /Applications/XAMPP/xamppfiles/htdocs/qjty/Application/Common/Common/function.php 第 501 行.
NOTIC: [8] Undefined variable: addons /Applications/XAMPP/xamppfiles/htdocs/qjty/Application/Common/Common/function.php 第 501 行.
NOTIC: [8] Undefined variable: addons /Applications/XAMPP/xamppfiles/htdocs/qjty/Application/Common/Common/function.php 第 501 行.
NOTIC: [8] Undefined variable: addons /Applications/XAMPP/xamppfiles/htdocs/qjty/Application/Common/Common/function.php 第 501 行.
NOTIC: [8] Undefined variable: addons /Applications/XAMPP/xamppfiles/htdocs/qjty/Application/Common/Common/function.php 第 501 行.
NOTIC: [8] Undefined variable: addons /Applications/XAMPP/xamppfiles/htdocs/qjty/Application/Common/Common/function.php 第 501 行.

[ 2016-09-21T20:00:40+08:00 ] ::1 /qjty/index.php?s=/addon/Orienteering/Project/lists/type/1.html
INFO: [ app_init ] --START--
INFO: Run Behavior\BuildLiteBehavior [ RunTime:0.000013s ]
INFO: Run Common\Behavior\InitHookBehavior [ RunTime:0.001148s ]
INFO: [ app_init ] --END-- [ RunTime:0.001675s ]
INFO: [ app_begin ] --START--
INFO: Run Behavior\ReadHtmlCacheBehavior [ RunTime:0.000340s ]
INFO: [ app_begin ] --END-- [ RunTime:0.000373s ]
NOTIC: [2048] Declaration of Addons\Orienteering\Controller\OrienteeringController::lists() should be compatible with Home\Controller\AddonsController::lists($model = NULL, $page = 0) /Applications/XAMPP/xamppfiles/htdocs/qjty/Addons/Orienteering/Controller/OrienteeringController.class.php 第 6 行.
NOTIC: [8] Undefined index: uid /Applications/XAMPP/xamppfiles/htdocs/qjty/ThinkPHP/Library/Think/Controller.class.php 第 524 行.
NOTIC: [8] Undefined variable: addons /Applications/XAMPP/xamppfiles/htdocs/qjty/Application/Common/Common/function.php 第 501 行.
NOTIC: [8] Undefined variable: addons /Applications/XAMPP/xamppfiles/htdocs/qjty/Application/Common/Common/function.php 第 501 行.
NOTIC: [8] Undefined variable: addons /Applications/XAMPP/xamppfiles/htdocs/qjty/Application/Common/Common/function.php 第 501 行.
NOTIC: [8] Undefined variable: addons /Applications/XAMPP/xamppfiles/htdocs/qjty/Application/Common/Common/function.php 第 501 行.
NOTIC: [8] Undefined variable: addons /Applications/XAMPP/xamppfiles/htdocs/qjty/Application/Common/Common/function.php 第 501 行.
NOTIC: [8] Undefined variable: addons /Applications/XAMPP/xamppfiles/htdocs/qjty/Application/Common/Common/function.php 第 501 行.
NOTIC: [8] Undefined variable: addons /Applications/XAMPP/xamppfiles/htdocs/qjty/Application/Common/Common/function.php 第 501 行.
NOTIC: [8] Undefined variable: addons /Applications/XAMPP/xamppfiles/htdocs/qjty/Application/Common/Common/function.php 第 501 行.
NOTIC: [8] Undefined variable: addons /Applications/XAMPP/xamppfiles/htdocs/qjty/Application/Common/Common/function.php 第 501 行.
NOTIC: [8] Undefined variable: addons /Applications/XAMPP/xamppfiles/htdocs/qjty/Application/Common/Common/function.php 第 501 行.
NOTIC: [8] Undefined variable: addons /Applications/XAMPP/xamppfiles/htdocs/qjty/Application/Common/Common/function.php 第 501 行.
NOTIC: [8] Undefined variable: addons /Applications/XAMPP/xamppfiles/htdocs/qjty/Application/Common/Common/function.php 第 501 行.
NOTIC: [8] Undefined variable: addons /Applications/XAMPP/xamppfiles/htdocs/qjty/Application/Common/Common/function.php 第 501 行.
NOTIC: [8] Undefined variable: addons /Applications/XAMPP/xamppfiles/htdocs/qjty/Application/Common/Common/function.php 第 501 行.
NOTIC: [8] Undefined variable: addons /Applications/XAMPP/xamppfiles/htdocs/qjty/Application/Common/Common/function.php 第 501 行.
NOTIC: [8] Undefined variable: addons /Applications/XAMPP/xamppfiles/htdocs/qjty/Application/Common/Common/function.php 第 501 行.
NOTIC: [8] Undefined variable: addons /Applications/XAMPP/xamppfiles/htdocs/qjty/Application/Common/Common/function.php 第 501 行.
NOTIC: [8] Undefined variable: addons /Applications/XAMPP/xamppfiles/htdocs/qjty/Application/Common/Common/function.php 第 501 行.
NOTIC: [8] Undefined variable: addons /Applications/XAMPP/xamppfiles/htdocs/qjty/Application/Common/Common/function.php 第 501 行.
NOTIC: [8] Undefined variable: addons /Applications/XAMPP/xamppfiles/htdocs/qjty/Application/Common/Common/function.php 第 501 行.
NOTIC: [8] Undefined variable: addons /Applications/XAMPP/xamppfiles/htdocs/qjty/Application/Common/Common/function.php 第 501 行.
NOTIC: [8] Undefined variable: addons /Applications/XAMPP/xamppfiles/htdocs/qjty/Application/Common/Common/function.php 第 501 行.
NOTIC: [8] Undefined variable: addons /Applications/XAMPP/xamppfiles/htdocs/qjty/Application/Common/Common/function.php 第 501 行.
NOTIC: [8] Undefined variable: addons /Applications/XAMPP/xamppfiles/htdocs/qjty/Application/Common/Common/function.php 第 501 行.
NOTIC: [8] Undefined variable: addons /Applications/XAMPP/xamppfiles/htdocs/qjty/Application/Common/Common/function.php 第 501 行.
NOTIC: [8] Undefined variable: addons /Applications/XAMPP/xamppfiles/htdocs/qjty/Application/Common/Common/function.php 第 501 行.
NOTIC: [8] Undefined variable: addons /Applications/XAMPP/xamppfiles/htdocs/qjty/Application/Common/Common/function.php 第 501 行.
NOTIC: [8] Undefined variable: addons /Applications/XAMPP/xamppfiles/htdocs/qjty/Application/Common/Common/function.php 第 501 行.
NOTIC: [8] Undefined variable: addons /Applications/XAMPP/xamppfiles/htdocs/qjty/Application/Common/Common/function.php 第 501 行.
NOTIC: [8] Undefined variable: addons /Applications/XAMPP/xamppfiles/htdocs/qjty/Application/Common/Common/function.php 第 501 行.
NOTIC: [8] Undefined variable: addons /Applications/XAMPP/xamppfiles/htdocs/qjty/Application/Common/Common/function.php 第 501 行.
NOTIC: [8] Undefined variable: addons /Applications/XAMPP/xamppfiles/htdocs/qjty/Application/Common/Common/function.php 第 501 行.
NOTIC: [8] Undefined variable: addons /Applications/XAMPP/xamppfiles/htdocs/qjty/Application/Common/Common/function.php 第 501 行.
NOTIC: [8] Undefined variable: addons /Applications/XAMPP/xamppfiles/htdocs/qjty/Application/Common/Common/function.php 第 501 行.
NOTIC: [8] Undefined variable: addons /Applications/XAMPP/xamppfiles/htdocs/qjty/Application/Common/Common/function.php 第 501 行.
NOTIC: [8] Undefined variable: addons /Applications/XAMPP/xamppfiles/htdocs/qjty/Application/Common/Common/function.php 第 501 行.
NOTIC: [8] Undefined variable: addons /Applications/XAMPP/xamppfiles/htdocs/qjty/Application/Common/Common/function.php 第 501 行.
NOTIC: [8] Undefined variable: addons /Applications/XAMPP/xamppfiles/htdocs/qjty/Application/Common/Common/function.php 第 501 行.
SQL: SELECT * FROM `wp_manager_menu` WHERE `uid` = 1 AND `is_hide` = 0 ORDER BY sort asc, id asc  [ RunTime:0.0008s ]
NOTIC: [8] Undefined variable: addons /Applications/XAMPP/xamppfiles/htdocs/qjty/Application/Common/Common/function.php 第 501 行.
NOTIC: [8] Undefined variable: addons /Applications/XAMPP/xamppfiles/htdocs/qjty/Application/Common/Common/function.php 第 501 行.
NOTIC: [8] Undefined variable: addons /Applications/XAMPP/xamppfiles/htdocs/qjty/Application/Common/Common/function.php 第 501 行.
NOTIC: [8] Undefined variable: addons /Applications/XAMPP/xamppfiles/htdocs/qjty/Application/Common/Common/function.php 第 501 行.
NOTIC: [8] Undefined variable: addons /Applications/XAMPP/xamppfiles/htdocs/qjty/Application/Common/Common/function.php 第 501 行.
NOTIC: [8] Undefined variable: addons /Applications/XAMPP/xamppfiles/htdocs/qjty/Application/Common/Common/function.php 第 501 行.
NOTIC: [8] Undefined variable: addons /Applications/XAMPP/xamppfiles/htdocs/qjty/Application/Common/Common/function.php 第 501 行.
NOTIC: [8] Undefined variable: addons /Applications/XAMPP/xamppfiles/htdocs/qjty/Application/Common/Common/function.php 第 501 行.
NOTIC: [8] Undefined variable: addons /Applications/XAMPP/xamppfiles/htdocs/qjty/Application/Common/Common/function.php 第 501 行.
NOTIC: [8] Undefined offset: 14 /Applications/XAMPP/xamppfiles/htdocs/qjty/Application/Common/Model/ManagerMenuModel.class.php 第 106 行.
NOTIC: [8] Undefined offset: 14 /Applications/XAMPP/xamppfiles/htdocs/qjty/Application/Common/Model/ManagerMenuModel.class.php 第 116 行.
NOTIC: [8] Undefined offset: 60 /Applications/XAMPP/xamppfiles/htdocs/qjty/Application/Common/Model/ManagerMenuModel.class.php 第 106 行.
NOTIC: [8] Undefined offset: 60 /Applications/XAMPP/xamppfiles/htdocs/qjty/Application/Common/Model/ManagerMenuModel.class.php 第 116 行.
SQL: SELECT * FROM `wp_public_link` WHERE `uid` = 1  [ RunTime:0.0004s ]
NOTIC: [8] Undefined variable: addons /Applications/XAMPP/xamppfiles/htdocs/qjty/Application/Common/Common/function.php 第 501 行.
NOTIC: [8] Undefined variable: addons /Applications/XAMPP/xamppfiles/htdocs/qjty/Application/Common/Common/function.php 第 501 行.
NOTIC: [8] Undefined variable: addons /Applications/XAMPP/xamppfiles/htdocs/qjty/Application/Common/Common/function.php 第 501 行.
NOTIC: [8] Undefined variable: addons /Applications/XAMPP/xamppfiles/htdocs/qjty/Application/Common/Common/function.php 第 501 行.
NOTIC: [8] Undefined variable: addons /Applications/XAMPP/xamppfiles/htdocs/qjty/Application/Common/Common/function.php 第 501 行.
SQL: SELECT `name` FROM `wp_attribute` WHERE ( model_id=1162 )  [ RunTime:0.0003s ]
SQL: SELECT * FROM `wp_model` WHERE `id` = 1162 LIMIT 1   [ RunTime:0.0003s ]
SQL: SELECT `id`,`project_name`,`ori_date`,`ori_status` FROM `wp_ori_project` WHERE `token` = 'gh_b23feae36317' ORDER BY id desc LIMIT 0,10   [ RunTime:0.0004s ]
SQL: SELECT COUNT(*) AS tp_count FROM `wp_ori_project` WHERE `token` = 'gh_b23feae36317' LIMIT 1   [ RunTime:0.0003s ]
INFO: [ view_parse ] --START--
INFO: [ template_filter ] --START--
INFO: Run Behavior\ContentReplaceBehavior [ RunTime:0.000258s ]
INFO: [ template_filter ] --END-- [ RunTime:0.000301s ]
NOTIC: [8] Use of undefined constant website_logo - assumed 'website_logo' /Applications/XAMPP/xamppfiles/htdocs/qjty/Runtime/Cache/Home/387e1e11b9e3bfcbf3ff3caee77639d6.php 第 58 行.
NOTIC: [8] Use of undefined constant mp_id - assumed 'mp_id' /Applications/XAMPP/xamppfiles/htdocs/qjty/Runtime/Cache/Home/387e1e11b9e3bfcbf3ff3caee77639d6.php 第 65 行.
NOTIC: [8] Use of undefined constant headimgurl - assumed 'headimgurl' /Applications/XAMPP/xamppfiles/htdocs/qjty/Runtime/Cache/Home/387e1e11b9e3bfcbf3ff3caee77639d6.php 第 84 行.
NOTIC: [8] Undefined variable: output /Applications/XAMPP/xamppfiles/htdocs/qjty/Application/Common/Common/function.php 第 1756 行.
NOTIC: [8] Undefined variable: core_side_category /Applications/XAMPP/xamppfiles/htdocs/qjty/Runtime/Cache/Home/387e1e11b9e3bfcbf3ff3caee77639d6.php 第 124 行.
NOTIC: [8] Undefined variable: add_url /Applications/XAMPP/xamppfiles/htdocs/qjty/Runtime/Cache/Home/387e1e11b9e3bfcbf3ff3caee77639d6.php 第 160 行.
NOTIC: [8] Undefined variable: del_url /Applications/XAMPP/xamppfiles/htdocs/qjty/Runtime/Cache/Home/387e1e11b9e3bfcbf3ff3caee77639d6.php 第 161 行.
NOTIC: [8] Use of undefined constant model - assumed 'model' /Applications/XAMPP/xamppfiles/htdocs/qjty/Runtime/Cache/Home/387e1e11b9e3bfcbf3ff3caee77639d6.php 第 171 行.
NOTIC: [8] Undefined variable: search_url /Applications/XAMPP/xamppfiles/htdocs/qjty/Runtime/Cache/Home/387e1e11b9e3bfcbf3ff3caee77639d6.php 第 171 行.
NOTIC: [8] Undefined variable: addons /Applications/XAMPP/xamppfiles/htdocs/qjty/Application/Common/Common/function.php 第 501 行.
NOTIC: [8] Undefined index: ids /Applications/XAMPP/xamppfiles/htdocs/qjty/Application/Common/Common/function.php 第 1262 行.
NOTIC: [8] Undefined index: ids /Applications/XAMPP/xamppfiles/htdocs/qjty/Application/Common/Common/function.php 第 1262 行.
NOTIC: [8] Undefined index: ids /Applications/XAMPP/xamppfiles/htdocs/qjty/Application/Common/Common/function.php 第 1262 行.
INFO: Run Behavior\ParseTemplateBehavior [ RunTime:0.026689s ]
INFO: [ view_parse ] --END-- [ RunTime:0.026724s ]
INFO: [ view_filter ] --START--
INFO: Run Behavior\WriteHtmlCacheBehavior [ RunTime:0.000118s ]
INFO: [ view_filter ] --END-- [ RunTime:0.000145s ]
INFO: [ app_end ] --START--
INFO: Run Behavior\ShowPageTraceBehavior [ RunTime:0.000489s ]
INFO: Run Behavior\CronRunBehavior [ RunTime:0.000607s ]
INFO: [ app_end ] --END-- [ RunTime:0.001179s ]

[ 2016-09-21T20:00:42+08:00 ] ::1 /qjty/index.php?s=/addon/Orienteering/TaskAction/lists.html
INFO: [ app_init ] --START--
INFO: Run Behavior\BuildLiteBehavior [ RunTime:0.000011s ]
INFO: Run Common\Behavior\InitHookBehavior [ RunTime:0.001074s ]
INFO: [ app_init ] --END-- [ RunTime:0.001354s ]
INFO: [ app_begin ] --START--
INFO: Run Behavior\ReadHtmlCacheBehavior [ RunTime:0.000432s ]
INFO: [ app_begin ] --END-- [ RunTime:0.000466s ]
NOTIC: [2048] Declaration of Addons\Orienteering\Controller\OrienteeringController::lists() should be compatible with Home\Controller\AddonsController::lists($model = NULL, $page = 0) /Applications/XAMPP/xamppfiles/htdocs/qjty/Addons/Orienteering/Controller/OrienteeringController.class.php 第 6 行.
NOTIC: [2048] Declaration of Addons\Orienteering\Controller\TaskActionController::edit() should be compatible with Home\Controller\AddonsController::edit($model = NULL, $id = 0) /Applications/XAMPP/xamppfiles/htdocs/qjty/Addons/Orienteering/Controller/TaskActionController.class.php 第 5 行.
NOTIC: [2048] Declaration of Addons\Orienteering\Controller\TaskActionController::add() should be compatible with Home\Controller\AddonsController::add($model = NULL) /Applications/XAMPP/xamppfiles/htdocs/qjty/Addons/Orienteering/Controller/TaskActionController.class.php 第 5 行.
NOTIC: [2048] Declaration of Addons\Orienteering\Controller\TaskActionController::del() should be compatible with Home\Controller\AddonsController::del($model = NULL, $ids = NULL) /Applications/XAMPP/xamppfiles/htdocs/qjty/Addons/Orienteering/Controller/TaskActionController.class.php 第 5 行.
NOTIC: [8] Undefined index: uid /Applications/XAMPP/xamppfiles/htdocs/qjty/ThinkPHP/Library/Think/Controller.class.php 第 524 行.
NOTIC: [8] Undefined variable: addons /Applications/XAMPP/xamppfiles/htdocs/qjty/Application/Common/Common/function.php 第 501 行.
NOTIC: [8] Undefined variable: addons /Applications/XAMPP/xamppfiles/htdocs/qjty/Application/Common/Common/function.php 第 501 行.
NOTIC: [8] Undefined variable: addons /Applications/XAMPP/xamppfiles/htdocs/qjty/Application/Common/Common/function.php 第 501 行.
NOTIC: [8] Undefined variable: addons /Applications/XAMPP/xamppfiles/htdocs/qjty/Application/Common/Common/function.php 第 501 行.
NOTIC: [8] Undefined variable: addons /Applications/XAMPP/xamppfiles/htdocs/qjty/Application/Common/Common/function.php 第 501 行.
NOTIC: [8] Undefined variable: addons /Applications/XAMPP/xamppfiles/htdocs/qjty/Application/Common/Common/function.php 第 501 行.
NOTIC: [8] Undefined variable: addons /Applications/XAMPP/xamppfiles/htdocs/qjty/Application/Common/Common/function.php 第 501 行.
NOTIC: [8] Undefined variable: addons /Applications/XAMPP/xamppfiles/htdocs/qjty/Application/Common/Common/function.php 第 501 行.
NOTIC: [8] Undefined variable: addons /Applications/XAMPP/xamppfiles/htdocs/qjty/Application/Common/Common/function.php 第 501 行.
NOTIC: [8] Undefined variable: addons /Applications/XAMPP/xamppfiles/htdocs/qjty/Application/Common/Common/function.php 第 501 行.
NOTIC: [8] Undefined variable: addons /Applications/XAMPP/xamppfiles/htdocs/qjty/Application/Common/Common/function.php 第 501 行.
NOTIC: [8] Undefined variable: addons /Applications/XAMPP/xamppfiles/htdocs/qjty/Application/Common/Common/function.php 第 501 行.
NOTIC: [8] Undefined variable: addons /Applications/XAMPP/xamppfiles/htdocs/qjty/Application/Common/Common/function.php 第 501 行.
NOTIC: [8] Undefined variable: addons /Applications/XAMPP/xamppfiles/htdocs/qjty/Application/Common/Common/function.php 第 501 行.
NOTIC: [8] Undefined variable: addons /Applications/XAMPP/xamppfiles/htdocs/qjty/Application/Common/Common/function.php 第 501 行.
NOTIC: [8] Undefined variable: addons /Applications/XAMPP/xamppfiles/htdocs/qjty/Application/Common/Common/function.php 第 501 行.
NOTIC: [8] Undefined variable: addons /Applications/XAMPP/xamppfiles/htdocs/qjty/Application/Common/Common/function.php 第 501 行.
NOTIC: [8] Undefined variable: addons /Applications/XAMPP/xamppfiles/htdocs/qjty/Application/Common/Common/function.php 第 501 行.
NOTIC: [8] Undefined variable: addons /Applications/XAMPP/xamppfiles/htdocs/qjty/Application/Common/Common/function.php 第 501 行.
NOTIC: [8] Undefined variable: addons /Applications/XAMPP/xamppfiles/htdocs/qjty/Application/Common/Common/function.php 第 501 行.
NOTIC: [8] Undefined variable: addons /Applications/XAMPP/xamppfiles/htdocs/qjty/Application/Common/Common/function.php 第 501 行.
NOTIC: [8] Undefined variable: addons /Applications/XAMPP/xamppfiles/htdocs/qjty/Application/Common/Common/function.php 第 501 行.
NOTIC: [8] Undefined variable: addons /Applications/XAMPP/xamppfiles/htdocs/qjty/Application/Common/Common/function.php 第 501 行.
NOTIC: [8] Undefined variable: addons /Applications/XAMPP/xamppfiles/htdocs/qjty/Application/Common/Common/function.php 第 501 行.
NOTIC: [8] Undefined variable: addons /Applications/XAMPP/xamppfiles/htdocs/qjty/Application/Common/Common/function.php 第 501 行.
NOTIC: [8] Undefined variable: addons /Applications/XAMPP/xamppfiles/htdocs/qjty/Application/Common/Common/function.php 第 501 行.
NOTIC: [8] Undefined variable: addons /Applications/XAMPP/xamppfiles/htdocs/qjty/Application/Common/Common/function.php 第 501 行.
NOTIC: [8] Undefined variable: addons /Applications/XAMPP/xamppfiles/htdocs/qjty/Application/Common/Common/function.php 第 501 行.
NOTIC: [8] Undefined variable: addons /Applications/XAMPP/xamppfiles/htdocs/qjty/Application/Common/Common/function.php 第 501 行.
NOTIC: [8] Undefined variable: addons /Applications/XAMPP/xamppfiles/htdocs/qjty/Application/Common/Common/function.php 第 501 行.
NOTIC: [8] Undefined variable: addons /Applications/XAMPP/xamppfiles/htdocs/qjty/Application/Common/Common/function.php 第 501 行.
NOTIC: [8] Undefined variable: addons /Applications/XAMPP/xamppfiles/htdocs/qjty/Application/Common/Common/function.php 第 501 行.
NOTIC: [8] Undefined variable: addons /Applications/XAMPP/xamppfiles/htdocs/qjty/Application/Common/Common/function.php 第 501 行.
NOTIC: [8] Undefined variable: addons /Applications/XAMPP/xamppfiles/htdocs/qjty/Application/Common/Common/function.php 第 501 行.
NOTIC: [8] Undefined variable: addons /Applications/XAMPP/xamppfiles/htdocs/qjty/Application/Common/Common/function.php 第 501 行.
NOTIC: [8] Undefined variable: addons /Applications/XAMPP/xamppfiles/htdocs/qjty/Application/Common/Common/function.php 第 501 行.
NOTIC: [8] Undefined variable: addons /Applications/XAMPP/xamppfiles/htdocs/qjty/Application/Common/Common/function.php 第 501 行.
NOTIC: [8] Undefined variable: addons /Applications/XAMPP/xamppfiles/htdocs/qjty/Application/Common/Common/function.php 第 501 行.
SQL: SELECT * FROM `wp_manager_menu` WHERE `uid` = 1 AND `is_hide` = 0 ORDER BY sort asc, id asc  [ RunTime:0.0008s ]
NOTIC: [8] Undefined variable: addons /Applications/XAMPP/xamppfiles/htdocs/qjty/Application/Common/Common/function.php 第 501 行.
NOTIC: [8] Undefined variable: addons /Applications/XAMPP/xamppfiles/htdocs/qjty/Application/Common/Common/function.php 第 501 行.
NOTIC: [8] Undefined variable: addons /Applications/XAMPP/xamppfiles/htdocs/qjty/Application/Common/Common/function.php 第 501 行.
NOTIC: [8] Undefined variable: addons /Applications/XAMPP/xamppfiles/htdocs/qjty/Application/Common/Common/function.php 第 501 行.
NOTIC: [8] Undefined variable: addons /Applications/XAMPP/xamppfiles/htdocs/qjty/Application/Common/Common/function.php 第 501 行.
NOTIC: [8] Undefined variable: addons /Applications/XAMPP/xamppfiles/htdocs/qjty/Application/Common/Common/function.php 第 501 行.
NOTIC: [8] Undefined variable: addons /Applications/XAMPP/xamppfiles/htdocs/qjty/Application/Common/Common/function.php 第 501 行.
NOTIC: [8] Undefined variable: addons /Applications/XAMPP/xamppfiles/htdocs/qjty/Application/Common/Common/function.php 第 501 行.
NOTIC: [8] Undefined variable: addons /Applications/XAMPP/xamppfiles/htdocs/qjty/Application/Common/Common/function.php 第 501 行.
NOTIC: [8] Undefined offset: 14 /Applications/XAMPP/xamppfiles/htdocs/qjty/Application/Common/Model/ManagerMenuModel.class.php 第 106 行.
NOTIC: [8] Undefined offset: 14 /Applications/XAMPP/xamppfiles/htdocs/qjty/Application/Common/Model/ManagerMenuModel.class.php 第 116 行.
NOTIC: [8] Undefined offset: 60 /Applications/XAMPP/xamppfiles/htdocs/qjty/Application/Common/Model/ManagerMenuModel.class.php 第 106 行.
NOTIC: [8] Undefined offset: 60 /Applications/XAMPP/xamppfiles/htdocs/qjty/Application/Common/Model/ManagerMenuModel.class.php 第 116 行.
SQL: SELECT * FROM `wp_public_link` WHERE `uid` = 1  [ RunTime:0.0004s ]
NOTIC: [8] Undefined variable: addons /Applications/XAMPP/xamppfiles/htdocs/qjty/Application/Common/Common/function.php 第 501 行.
NOTIC: [8] Undefined variable: addons /Applications/XAMPP/xamppfiles/htdocs/qjty/Application/Common/Common/function.php 第 501 行.
NOTIC: [8] Undefined variable: addons /Applications/XAMPP/xamppfiles/htdocs/qjty/Application/Common/Common/function.php 第 501 行.
NOTIC: [8] Undefined variable: addons /Applications/XAMPP/xamppfiles/htdocs/qjty/Application/Common/Common/function.php 第 501 行.
NOTIC: [8] Undefined variable: addons /Applications/XAMPP/xamppfiles/htdocs/qjty/Application/Common/Common/function.php 第 501 行.
SQL: SELECT `id`,`project_name` FROM `wp_ori_project` WHERE `token` = 'gh_b23feae36317'  [ RunTime:0.0005s ]
SQL: SELECT `id`,`task_name` FROM `wp_ori_task` WHERE `token` = 'gh_b23feae36317'  [ RunTime:0.0003s ]
NOTIC: [8] Undefined offset: 1 /Applications/XAMPP/xamppfiles/htdocs/qjty/ThinkPHP/Library/Think/Controller.class.php 第 951 行.
NOTIC: [8] Undefined offset: 1 /Applications/XAMPP/xamppfiles/htdocs/qjty/ThinkPHP/Library/Think/Controller.class.php 第 953 行.
NOTIC: [8] Undefined offset: 1 /Applications/XAMPP/xamppfiles/htdocs/qjty/ThinkPHP/Library/Think/Controller.class.php 第 965 行.
SQL: SELECT `name` FROM `wp_attribute` WHERE ( model_id=1166 )  [ RunTime:0.0004s ]
SQL: SELECT * FROM `wp_model` WHERE `id` = 1166 LIMIT 1   [ RunTime:0.0004s ]
SQL: SELECT `project_id`,`team_id`,`task_id`,`start_time`,`end_time`,`id` FROM `wp_ori_task_action` WHERE `token` = 'gh_b23feae36317' ORDER BY id desc LIMIT 0,10   [ RunTime:0.0004s ]
SQL: SELECT COUNT(*) AS tp_count FROM `wp_ori_task_action` WHERE `token` = 'gh_b23feae36317' LIMIT 1   [ RunTime:0.0003s ]
NOTIC: [8] Undefined index: query /Applications/XAMPP/xamppfiles/htdocs/qjty/ThinkPHP/Common/functions.php 第 1002 行.
INFO: [ view_parse ] --START--
INFO: [ template_filter ] --START--
INFO: Run Behavior\ContentReplaceBehavior [ RunTime:0.000272s ]
INFO: [ template_filter ] --END-- [ RunTime:0.000410s ]
NOTIC: [8] Use of undefined constant website_logo - assumed 'website_logo' /Applications/XAMPP/xamppfiles/htdocs/qjty/Runtime/Cache/Home/387e1e11b9e3bfcbf3ff3caee77639d6.php 第 58 行.
NOTIC: [8] Use of undefined constant mp_id - assumed 'mp_id' /Applications/XAMPP/xamppfiles/htdocs/qjty/Runtime/Cache/Home/387e1e11b9e3bfcbf3ff3caee77639d6.php 第 65 行.
NOTIC: [8] Use of undefined constant headimgurl - assumed 'headimgurl' /Applications/XAMPP/xamppfiles/htdocs/qjty/Runtime/Cache/Home/387e1e11b9e3bfcbf3ff3caee77639d6.php 第 84 行.
NOTIC: [8] Undefined variable: output /Applications/XAMPP/xamppfiles/htdocs/qjty/Application/Common/Common/function.php 第 1756 行.
NOTIC: [8] Undefined variable: core_side_category /Applications/XAMPP/xamppfiles/htdocs/qjty/Runtime/Cache/Home/387e1e11b9e3bfcbf3ff3caee77639d6.php 第 124 行.
NOTIC: [8] Undefined variable: add_url /Applications/XAMPP/xamppfiles/htdocs/qjty/Runtime/Cache/Home/387e1e11b9e3bfcbf3ff3caee77639d6.php 第 160 行.
NOTIC: [8] Undefined variable: del_url /Applications/XAMPP/xamppfiles/htdocs/qjty/Runtime/Cache/Home/387e1e11b9e3bfcbf3ff3caee77639d6.php 第 161 行.
NOTIC: [8] Use of undefined constant model - assumed 'model' /Applications/XAMPP/xamppfiles/htdocs/qjty/Runtime/Cache/Home/387e1e11b9e3bfcbf3ff3caee77639d6.php 第 171 行.
NOTIC: [8] Undefined variable: search_url /Applications/XAMPP/xamppfiles/htdocs/qjty/Runtime/Cache/Home/387e1e11b9e3bfcbf3ff3caee77639d6.php 第 171 行.
NOTIC: [8] Undefined variable: addons /Applications/XAMPP/xamppfiles/htdocs/qjty/Application/Common/Common/function.php 第 501 行.
NOTIC: [8] Undefined index:  /Applications/XAMPP/xamppfiles/htdocs/qjty/Application/Common/Common/function.php 第 1262 行.
NOTIC: [8] Undefined index:  /Applications/XAMPP/xamppfiles/htdocs/qjty/Application/Common/Common/function.php 第 1262 行.
NOTIC: [8] Undefined index:  /Applications/XAMPP/xamppfiles/htdocs/qjty/Application/Common/Common/function.php 第 1262 行.
NOTIC: [8] Undefined index:  /Applications/XAMPP/xamppfiles/htdocs/qjty/Application/Common/Common/function.php 第 1262 行.
NOTIC: [8] Undefined index:  /Applications/XAMPP/xamppfiles/htdocs/qjty/Application/Common/Common/function.php 第 1262 行.
NOTIC: [8] Undefined index:  /Applications/XAMPP/xamppfiles/htdocs/qjty/Application/Common/Common/function.php 第 1262 行.
NOTIC: [8] Undefined index:  /Applications/XAMPP/xamppfiles/htdocs/qjty/Application/Common/Common/function.php 第 1262 行.
NOTIC: [8] Undefined index:  /Applications/XAMPP/xamppfiles/htdocs/qjty/Application/Common/Common/function.php 第 1262 行.
NOTIC: [8] Undefined index:  /Applications/XAMPP/xamppfiles/htdocs/qjty/Application/Common/Common/function.php 第 1262 行.
NOTIC: [8] Undefined index:  /Applications/XAMPP/xamppfiles/htdocs/qjty/Application/Common/Common/function.php 第 1262 行.
INFO: Run Behavior\ParseTemplateBehavior [ RunTime:0.027335s ]
INFO: [ view_parse ] --END-- [ RunTime:0.027370s ]
INFO: [ view_filter ] --START--
INFO: Run Behavior\WriteHtmlCacheBehavior [ RunTime:0.000137s ]
INFO: [ view_filter ] --END-- [ RunTime:0.000163s ]
INFO: [ app_end ] --START--
INFO: Run Behavior\ShowPageTraceBehavior [ RunTime:0.000645s ]
INFO: Run Behavior\CronRunBehavior [ RunTime:0.000519s ]
INFO: [ app_end ] --END-- [ RunTime:0.001238s ]

[ 2016-09-21T20:00:43+08:00 ] ::1 /qjty/index.php?s=/addon/Orienteering/Team/lists.html
INFO: [ app_init ] --START--
INFO: Run Behavior\BuildLiteBehavior [ RunTime:0.000009s ]
INFO: Run Common\Behavior\InitHookBehavior [ RunTime:0.000898s ]
INFO: [ app_init ] --END-- [ RunTime:0.001156s ]
INFO: [ app_begin ] --START--
INFO: Run Behavior\ReadHtmlCacheBehavior [ RunTime:0.000428s ]
INFO: [ app_begin ] --END-- [ RunTime:0.000462s ]
NOTIC: [2048] Declaration of Addons\Orienteering\Controller\OrienteeringController::lists() should be compatible with Home\Controller\AddonsController::lists($model = NULL, $page = 0) /Applications/XAMPP/xamppfiles/htdocs/qjty/Addons/Orienteering/Controller/OrienteeringController.class.php 第 6 行.
NOTIC: [8] Undefined index: uid /Applications/XAMPP/xamppfiles/htdocs/qjty/ThinkPHP/Library/Think/Controller.class.php 第 524 行.
NOTIC: [8] Undefined variable: addons /Applications/XAMPP/xamppfiles/htdocs/qjty/Application/Common/Common/function.php 第 501 行.
NOTIC: [8] Undefined variable: addons /Applications/XAMPP/xamppfiles/htdocs/qjty/Application/Common/Common/function.php 第 501 行.
NOTIC: [8] Undefined variable: addons /Applications/XAMPP/xamppfiles/htdocs/qjty/Application/Common/Common/function.php 第 501 行.
NOTIC: [8] Undefined variable: addons /Applications/XAMPP/xamppfiles/htdocs/qjty/Application/Common/Common/function.php 第 501 行.
NOTIC: [8] Undefined variable: addons /Applications/XAMPP/xamppfiles/htdocs/qjty/Application/Common/Common/function.php 第 501 行.
NOTIC: [8] Undefined variable: addons /Applications/XAMPP/xamppfiles/htdocs/qjty/Application/Common/Common/function.php 第 501 行.
NOTIC: [8] Undefined variable: addons /Applications/XAMPP/xamppfiles/htdocs/qjty/Application/Common/Common/function.php 第 501 行.
NOTIC: [8] Undefined variable: addons /Applications/XAMPP/xamppfiles/htdocs/qjty/Application/Common/Common/function.php 第 501 行.
NOTIC: [8] Undefined variable: addons /Applications/XAMPP/xamppfiles/htdocs/qjty/Application/Common/Common/function.php 第 501 行.
NOTIC: [8] Undefined variable: addons /Applications/XAMPP/xamppfiles/htdocs/qjty/Application/Common/Common/function.php 第 501 行.
NOTIC: [8] Undefined variable: addons /Applications/XAMPP/xamppfiles/htdocs/qjty/Application/Common/Common/function.php 第 501 行.
NOTIC: [8] Undefined variable: addons /Applications/XAMPP/xamppfiles/htdocs/qjty/Application/Common/Common/function.php 第 501 行.
NOTIC: [8] Undefined variable: addons /Applications/XAMPP/xamppfiles/htdocs/qjty/Application/Common/Common/function.php 第 501 行.
NOTIC: [8] Undefined variable: addons /Applications/XAMPP/xamppfiles/htdocs/qjty/Application/Common/Common/function.php 第 501 行.
NOTIC: [8] Undefined variable: addons /Applications/XAMPP/xamppfiles/htdocs/qjty/Application/Common/Common/function.php 第 501 行.
NOTIC: [8] Undefined variable: addons /Applications/XAMPP/xamppfiles/htdocs/qjty/Application/Common/Common/function.php 第 501 行.
NOTIC: [8] Undefined variable: addons /Applications/XAMPP/xamppfiles/htdocs/qjty/Application/Common/Common/function.php 第 501 行.
NOTIC: [8] Undefined variable: addons /Applications/XAMPP/xamppfiles/htdocs/qjty/Application/Common/Common/function.php 第 501 行.
NOTIC: [8] Undefined variable: addons /Applications/XAMPP/xamppfiles/htdocs/qjty/Application/Common/Common/function.php 第 501 行.
NOTIC: [8] Undefined variable: addons /Applications/XAMPP/xamppfiles/htdocs/qjty/Application/Common/Common/function.php 第 501 行.
NOTIC: [8] Undefined variable: addons /Applications/XAMPP/xamppfiles/htdocs/qjty/Application/Common/Common/function.php 第 501 行.
NOTIC: [8] Undefined variable: addons /Applications/XAMPP/xamppfiles/htdocs/qjty/Application/Common/Common/function.php 第 501 行.
NOTIC: [8] Undefined variable: addons /Applications/XAMPP/xamppfiles/htdocs/qjty/Application/Common/Common/function.php 第 501 行.
NOTIC: [8] Undefined variable: addons /Applications/XAMPP/xamppfiles/htdocs/qjty/Application/Common/Common/function.php 第 501 行.
NOTIC: [8] Undefined variable: addons /Applications/XAMPP/xamppfiles/htdocs/qjty/Application/Common/Common/function.php 第 501 行.
NOTIC: [8] Undefined variable: addons /Applications/XAMPP/xamppfiles/htdocs/qjty/Application/Common/Common/function.php 第 501 行.
NOTIC: [8] Undefined variable: addons /Applications/XAMPP/xamppfiles/htdocs/qjty/Application/Common/Common/function.php 第 501 行.
NOTIC: [8] Undefined variable: addons /Applications/XAMPP/xamppfiles/htdocs/qjty/Application/Common/Common/function.php 第 501 行.
NOTIC: [8] Undefined variable: addons /Applications/XAMPP/xamppfiles/htdocs/qjty/Application/Common/Common/function.php 第 501 行.
NOTIC: [8] Undefined variable: addons /Applications/XAMPP/xamppfiles/htdocs/qjty/Application/Common/Common/function.php 第 501 行.
NOTIC: [8] Undefined variable: addons /Applications/XAMPP/xamppfiles/htdocs/qjty/Application/Common/Common/function.php 第 501 行.
NOTIC: [8] Undefined variable: addons /Applications/XAMPP/xamppfiles/htdocs/qjty/Application/Common/Common/function.php 第 501 行.
NOTIC: [8] Undefined variable: addons /Applications/XAMPP/xamppfiles/htdocs/qjty/Application/Common/Common/function.php 第 501 行.
NOTIC: [8] Undefined variable: addons /Applications/XAMPP/xamppfiles/htdocs/qjty/Application/Common/Common/function.php 第 501 行.
NOTIC: [8] Undefined variable: addons /Applications/XAMPP/xamppfiles/htdocs/qjty/Application/Common/Common/function.php 第 501 行.
NOTIC: [8] Undefined variable: addons /Applications/XAMPP/xamppfiles/htdocs/qjty/Application/Common/Common/function.php 第 501 行.
NOTIC: [8] Undefined variable: addons /Applications/XAMPP/xamppfiles/htdocs/qjty/Application/Common/Common/function.php 第 501 行.
NOTIC: [8] Undefined variable: addons /Applications/XAMPP/xamppfiles/htdocs/qjty/Application/Common/Common/function.php 第 501 行.
SQL: SELECT * FROM `wp_manager_menu` WHERE `uid` = 1 AND `is_hide` = 0 ORDER BY sort asc, id asc  [ RunTime:0.0008s ]
NOTIC: [8] Undefined variable: addons /Applications/XAMPP/xamppfiles/htdocs/qjty/Application/Common/Common/function.php 第 501 行.
NOTIC: [8] Undefined variable: addons /Applications/XAMPP/xamppfiles/htdocs/qjty/Application/Common/Common/function.php 第 501 行.
NOTIC: [8] Undefined variable: addons /Applications/XAMPP/xamppfiles/htdocs/qjty/Application/Common/Common/function.php 第 501 行.
NOTIC: [8] Undefined variable: addons /Applications/XAMPP/xamppfiles/htdocs/qjty/Application/Common/Common/function.php 第 501 行.
NOTIC: [8] Undefined variable: addons /Applications/XAMPP/xamppfiles/htdocs/qjty/Application/Common/Common/function.php 第 501 行.
NOTIC: [8] Undefined variable: addons /Applications/XAMPP/xamppfiles/htdocs/qjty/Application/Common/Common/function.php 第 501 行.
NOTIC: [8] Undefined variable: addons /Applications/XAMPP/xamppfiles/htdocs/qjty/Application/Common/Common/function.php 第 501 行.
NOTIC: [8] Undefined variable: addons /Applications/XAMPP/xamppfiles/htdocs/qjty/Application/Common/Common/function.php 第 501 行.
NOTIC: [8] Undefined variable: addons /Applications/XAMPP/xamppfiles/htdocs/qjty/Application/Common/Common/function.php 第 501 行.
NOTIC: [8] Undefined offset: 14 /Applications/XAMPP/xamppfiles/htdocs/qjty/Application/Common/Model/ManagerMenuModel.class.php 第 106 行.
NOTIC: [8] Undefined offset: 14 /Applications/XAMPP/xamppfiles/htdocs/qjty/Application/Common/Model/ManagerMenuModel.class.php 第 116 行.
NOTIC: [8] Undefined offset: 60 /Applications/XAMPP/xamppfiles/htdocs/qjty/Application/Common/Model/ManagerMenuModel.class.php 第 106 行.
NOTIC: [8] Undefined offset: 60 /Applications/XAMPP/xamppfiles/htdocs/qjty/Application/Common/Model/ManagerMenuModel.class.php 第 116 行.
SQL: SELECT * FROM `wp_public_link` WHERE `uid` = 1  [ RunTime:0.0004s ]
NOTIC: [8] Undefined variable: addons /Applications/XAMPP/xamppfiles/htdocs/qjty/Application/Common/Common/function.php 第 501 行.
NOTIC: [8] Undefined variable: addons /Applications/XAMPP/xamppfiles/htdocs/qjty/Application/Common/Common/function.php 第 501 行.
NOTIC: [8] Undefined variable: addons /Applications/XAMPP/xamppfiles/htdocs/qjty/Application/Common/Common/function.php 第 501 行.
NOTIC: [8] Undefined variable: addons /Applications/XAMPP/xamppfiles/htdocs/qjty/Application/Common/Common/function.php 第 501 行.
NOTIC: [8] Undefined variable: addons /Applications/XAMPP/xamppfiles/htdocs/qjty/Application/Common/Common/function.php 第 501 行.
SQL: SELECT `name` FROM `wp_attribute` WHERE ( model_id=1165 )  [ RunTime:0.0004s ]
SQL: SELECT * FROM `wp_model` WHERE `id` = 1165 LIMIT 1   [ RunTime:0.0004s ]
SQL: SELECT `project_id`,`team_name`,`id` FROM `wp_ori_team` WHERE `token` = 'gh_b23feae36317' ORDER BY id desc LIMIT 0,10   [ RunTime:0.0003s ]
SQL: SELECT COUNT(*) AS tp_count FROM `wp_ori_team` WHERE `token` = 'gh_b23feae36317' LIMIT 1   [ RunTime:0.0003s ]
INFO: [ view_parse ] --START--
INFO: [ template_filter ] --START--
INFO: Run Behavior\ContentReplaceBehavior [ RunTime:0.000261s ]
INFO: [ template_filter ] --END-- [ RunTime:0.000304s ]
NOTIC: [8] Use of undefined constant website_logo - assumed 'website_logo' /Applications/XAMPP/xamppfiles/htdocs/qjty/Runtime/Cache/Home/387e1e11b9e3bfcbf3ff3caee77639d6.php 第 58 行.
NOTIC: [8] Use of undefined constant mp_id - assumed 'mp_id' /Applications/XAMPP/xamppfiles/htdocs/qjty/Runtime/Cache/Home/387e1e11b9e3bfcbf3ff3caee77639d6.php 第 65 行.
NOTIC: [8] Use of undefined constant headimgurl - assumed 'headimgurl' /Applications/XAMPP/xamppfiles/htdocs/qjty/Runtime/Cache/Home/387e1e11b9e3bfcbf3ff3caee77639d6.php 第 84 行.
NOTIC: [8] Undefined variable: output /Applications/XAMPP/xamppfiles/htdocs/qjty/Application/Common/Common/function.php 第 1756 行.
NOTIC: [8] Undefined variable: core_side_category /Applications/XAMPP/xamppfiles/htdocs/qjty/Runtime/Cache/Home/387e1e11b9e3bfcbf3ff3caee77639d6.php 第 124 行.
NOTIC: [8] Undefined variable: add_url /Applications/XAMPP/xamppfiles/htdocs/qjty/Runtime/Cache/Home/387e1e11b9e3bfcbf3ff3caee77639d6.php 第 160 行.
NOTIC: [8] Undefined variable: del_url /Applications/XAMPP/xamppfiles/htdocs/qjty/Runtime/Cache/Home/387e1e11b9e3bfcbf3ff3caee77639d6.php 第 161 行.
NOTIC: [8] Use of undefined constant model - assumed 'model' /Applications/XAMPP/xamppfiles/htdocs/qjty/Runtime/Cache/Home/387e1e11b9e3bfcbf3ff3caee77639d6.php 第 171 行.
NOTIC: [8] Undefined variable: search_url /Applications/XAMPP/xamppfiles/htdocs/qjty/Runtime/Cache/Home/387e1e11b9e3bfcbf3ff3caee77639d6.php 第 171 行.
NOTIC: [8] Undefined variable: addons /Applications/XAMPP/xamppfiles/htdocs/qjty/Application/Common/Common/function.php 第 501 行.
INFO: Run Behavior\ParseTemplateBehavior [ RunTime:0.026159s ]
INFO: [ view_parse ] --END-- [ RunTime:0.026196s ]
INFO: [ view_filter ] --START--
INFO: Run Behavior\WriteHtmlCacheBehavior [ RunTime:0.000127s ]
INFO: [ view_filter ] --END-- [ RunTime:0.000154s ]
INFO: [ app_end ] --START--
INFO: Run Behavior\ShowPageTraceBehavior [ RunTime:0.000713s ]
INFO: Run Behavior\CronRunBehavior [ RunTime:0.000606s ]
INFO: [ app_end ] --END-- [ RunTime:0.001406s ]

[ 2016-09-21T20:00:44+08:00 ] ::1 /qjty/index.php?s=/addon/Orienteering/Team/add/model/1165.html
INFO: [ app_init ] --START--
INFO: Run Behavior\BuildLiteBehavior [ RunTime:0.000011s ]
INFO: Run Common\Behavior\InitHookBehavior [ RunTime:0.000931s ]
INFO: [ app_init ] --END-- [ RunTime:0.001215s ]
INFO: [ app_begin ] --START--
INFO: Run Behavior\ReadHtmlCacheBehavior [ RunTime:0.000419s ]
INFO: [ app_begin ] --END-- [ RunTime:0.000450s ]
NOTIC: [2048] Declaration of Addons\Orienteering\Controller\OrienteeringController::lists() should be compatible with Home\Controller\AddonsController::lists($model = NULL, $page = 0) /Applications/XAMPP/xamppfiles/htdocs/qjty/Addons/Orienteering/Controller/OrienteeringController.class.php 第 6 行.
NOTIC: [8] Undefined index: uid /Applications/XAMPP/xamppfiles/htdocs/qjty/ThinkPHP/Library/Think/Controller.class.php 第 524 行.
NOTIC: [8] Undefined variable: addons /Applications/XAMPP/xamppfiles/htdocs/qjty/Application/Common/Common/function.php 第 501 行.
NOTIC: [8] Undefined variable: addons /Applications/XAMPP/xamppfiles/htdocs/qjty/Application/Common/Common/function.php 第 501 行.
NOTIC: [8] Undefined variable: addons /Applications/XAMPP/xamppfiles/htdocs/qjty/Application/Common/Common/function.php 第 501 行.
NOTIC: [8] Undefined variable: addons /Applications/XAMPP/xamppfiles/htdocs/qjty/Application/Common/Common/function.php 第 501 行.
NOTIC: [8] Undefined variable: addons /Applications/XAMPP/xamppfiles/htdocs/qjty/Application/Common/Common/function.php 第 501 行.
NOTIC: [8] Undefined variable: addons /Applications/XAMPP/xamppfiles/htdocs/qjty/Application/Common/Common/function.php 第 501 行.
NOTIC: [8] Undefined variable: addons /Applications/XAMPP/xamppfiles/htdocs/qjty/Application/Common/Common/function.php 第 501 行.
NOTIC: [8] Undefined variable: addons /Applications/XAMPP/xamppfiles/htdocs/qjty/Application/Common/Common/function.php 第 501 行.
NOTIC: [8] Undefined variable: addons /Applications/XAMPP/xamppfiles/htdocs/qjty/Application/Common/Common/function.php 第 501 行.
NOTIC: [8] Undefined variable: addons /Applications/XAMPP/xamppfiles/htdocs/qjty/Application/Common/Common/function.php 第 501 行.
NOTIC: [8] Undefined variable: addons /Applications/XAMPP/xamppfiles/htdocs/qjty/Application/Common/Common/function.php 第 501 行.
NOTIC: [8] Undefined variable: addons /Applications/XAMPP/xamppfiles/htdocs/qjty/Application/Common/Common/function.php 第 501 行.
NOTIC: [8] Undefined variable: addons /Applications/XAMPP/xamppfiles/htdocs/qjty/Application/Common/Common/function.php 第 501 行.
NOTIC: [8] Undefined variable: addons /Applications/XAMPP/xamppfiles/htdocs/qjty/Application/Common/Common/function.php 第 501 行.
NOTIC: [8] Undefined variable: addons /Applications/XAMPP/xamppfiles/htdocs/qjty/Application/Common/Common/function.php 第 501 行.
NOTIC: [8] Undefined variable: addons /Applications/XAMPP/xamppfiles/htdocs/qjty/Application/Common/Common/function.php 第 501 行.
NOTIC: [8] Undefined variable: addons /Applications/XAMPP/xamppfiles/htdocs/qjty/Application/Common/Common/function.php 第 501 行.
NOTIC: [8] Undefined variable: addons /Applications/XAMPP/xamppfiles/htdocs/qjty/Application/Common/Common/function.php 第 501 行.
NOTIC: [8] Undefined variable: addons /Applications/XAMPP/xamppfiles/htdocs/qjty/Application/Common/Common/function.php 第 501 行.
NOTIC: [8] Undefined variable: addons /Applications/XAMPP/xamppfiles/htdocs/qjty/Application/Common/Common/function.php 第 501 行.
NOTIC: [8] Undefined variable: addons /Applications/XAMPP/xamppfiles/htdocs/qjty/Application/Common/Common/function.php 第 501 行.
NOTIC: [8] Undefined variable: addons /Applications/XAMPP/xamppfiles/htdocs/qjty/Application/Common/Common/function.php 第 501 行.
NOTIC: [8] Undefined variable: addons /Applications/XAMPP/xamppfiles/htdocs/qjty/Application/Common/Common/function.php 第 501 行.
NOTIC: [8] Undefined variable: addons /Applications/XAMPP/xamppfiles/htdocs/qjty/Application/Common/Common/function.php 第 501 行.
NOTIC: [8] Undefined variable: addons /Applications/XAMPP/xamppfiles/htdocs/qjty/Application/Common/Common/function.php 第 501 行.
NOTIC: [8] Undefined variable: addons /Applications/XAMPP/xamppfiles/htdocs/qjty/Application/Common/Common/function.php 第 501 行.
NOTIC: [8] Undefined variable: addons /Applications/XAMPP/xamppfiles/htdocs/qjty/Application/Common/Common/function.php 第 501 行.
NOTIC: [8] Undefined variable: addons /Applications/XAMPP/xamppfiles/htdocs/qjty/Application/Common/Common/function.php 第 501 行.
NOTIC: [8] Undefined variable: addons /Applications/XAMPP/xamppfiles/htdocs/qjty/Application/Common/Common/function.php 第 501 行.
NOTIC: [8] Undefined variable: addons /Applications/XAMPP/xamppfiles/htdocs/qjty/Application/Common/Common/function.php 第 501 行.
NOTIC: [8] Undefined variable: addons /Applications/XAMPP/xamppfiles/htdocs/qjty/Application/Common/Common/function.php 第 501 行.
NOTIC: [8] Undefined variable: addons /Applications/XAMPP/xamppfiles/htdocs/qjty/Application/Common/Common/function.php 第 501 行.
NOTIC: [8] Undefined variable: addons /Applications/XAMPP/xamppfiles/htdocs/qjty/Application/Common/Common/function.php 第 501 行.
NOTIC: [8] Undefined variable: addons /Applications/XAMPP/xamppfiles/htdocs/qjty/Application/Common/Common/function.php 第 501 行.
NOTIC: [8] Undefined variable: addons /Applications/XAMPP/xamppfiles/htdocs/qjty/Application/Common/Common/function.php 第 501 行.
NOTIC: [8] Undefined variable: addons /Applications/XAMPP/xamppfiles/htdocs/qjty/Application/Common/Common/function.php 第 501 行.
NOTIC: [8] Undefined variable: addons /Applications/XAMPP/xamppfiles/htdocs/qjty/Application/Common/Common/function.php 第 501 行.
NOTIC: [8] Undefined variable: addons /Applications/XAMPP/xamppfiles/htdocs/qjty/Application/Common/Common/function.php 第 501 行.
SQL: SELECT * FROM `wp_manager_menu` WHERE `uid` = 1 AND `is_hide` = 0 ORDER BY sort asc, id asc  [ RunTime:0.0008s ]
NOTIC: [8] Undefined variable: addons /Applications/XAMPP/xamppfiles/htdocs/qjty/Application/Common/Common/function.php 第 501 行.
NOTIC: [8] Undefined variable: addons /Applications/XAMPP/xamppfiles/htdocs/qjty/Application/Common/Common/function.php 第 501 行.
NOTIC: [8] Undefined variable: addons /Applications/XAMPP/xamppfiles/htdocs/qjty/Application/Common/Common/function.php 第 501 行.
NOTIC: [8] Undefined variable: addons /Applications/XAMPP/xamppfiles/htdocs/qjty/Application/Common/Common/function.php 第 501 行.
NOTIC: [8] Undefined variable: addons /Applications/XAMPP/xamppfiles/htdocs/qjty/Application/Common/Common/function.php 第 501 行.
NOTIC: [8] Undefined variable: addons /Applications/XAMPP/xamppfiles/htdocs/qjty/Application/Common/Common/function.php 第 501 行.
NOTIC: [8] Undefined variable: addons /Applications/XAMPP/xamppfiles/htdocs/qjty/Application/Common/Common/function.php 第 501 行.
NOTIC: [8] Undefined variable: addons /Applications/XAMPP/xamppfiles/htdocs/qjty/Application/Common/Common/function.php 第 501 行.
NOTIC: [8] Undefined variable: addons /Applications/XAMPP/xamppfiles/htdocs/qjty/Application/Common/Common/function.php 第 501 行.
NOTIC: [8] Undefined offset: 14 /Applications/XAMPP/xamppfiles/htdocs/qjty/Application/Common/Model/ManagerMenuModel.class.php 第 106 行.
NOTIC: [8] Undefined offset: 14 /Applications/XAMPP/xamppfiles/htdocs/qjty/Application/Common/Model/ManagerMenuModel.class.php 第 116 行.
NOTIC: [8] Undefined offset: 60 /Applications/XAMPP/xamppfiles/htdocs/qjty/Application/Common/Model/ManagerMenuModel.class.php 第 106 行.
NOTIC: [8] Undefined offset: 60 /Applications/XAMPP/xamppfiles/htdocs/qjty/Application/Common/Model/ManagerMenuModel.class.php 第 116 行.
SQL: SELECT * FROM `wp_public_link` WHERE `uid` = 1  [ RunTime:0.0003s ]
NOTIC: [8] Undefined variable: addons /Applications/XAMPP/xamppfiles/htdocs/qjty/Application/Common/Common/function.php 第 501 行.
NOTIC: [8] Undefined variable: addons /Applications/XAMPP/xamppfiles/htdocs/qjty/Application/Common/Common/function.php 第 501 行.
NOTIC: [8] Undefined variable: addons /Applications/XAMPP/xamppfiles/htdocs/qjty/Application/Common/Common/function.php 第 501 行.
NOTIC: [8] Undefined variable: addons /Applications/XAMPP/xamppfiles/htdocs/qjty/Application/Common/Common/function.php 第 501 行.
NOTIC: [8] Undefined variable: addons /Applications/XAMPP/xamppfiles/htdocs/qjty/Application/Common/Common/function.php 第 501 行.
SQL: SELECT * FROM `wp_model` WHERE `id` = 1165 LIMIT 1   [ RunTime:0.0004s ]
SQL: SELECT * FROM `wp_attribute` WHERE `model_id` = 1165 ORDER BY id asc  [ RunTime:0.0005s ]
SQL: SELECT `field_sort` FROM `wp_model` WHERE `id` = 1165 LIMIT 1   [ RunTime:0.0003s ]
NOTIC: [8] Undefined index: test /Applications/XAMPP/xamppfiles/htdocs/qjty/Application/Common/Common/function.php 第 965 行.
INFO: [ view_parse ] --START--
INFO: [ template_filter ] --START--
INFO: Run Behavior\ContentReplaceBehavior [ RunTime:0.000338s ]
INFO: [ template_filter ] --END-- [ RunTime:0.000389s ]
NOTIC: [8] Use of undefined constant website_logo - assumed 'website_logo' /Applications/XAMPP/xamppfiles/htdocs/qjty/Runtime/Cache/Home/c9059ee4065f465f8f9ac3308297cb76.php 第 58 行.
NOTIC: [8] Use of undefined constant mp_id - assumed 'mp_id' /Applications/XAMPP/xamppfiles/htdocs/qjty/Runtime/Cache/Home/c9059ee4065f465f8f9ac3308297cb76.php 第 65 行.
NOTIC: [8] Use of undefined constant headimgurl - assumed 'headimgurl' /Applications/XAMPP/xamppfiles/htdocs/qjty/Runtime/Cache/Home/c9059ee4065f465f8f9ac3308297cb76.php 第 84 行.
NOTIC: [8] Undefined variable: output /Applications/XAMPP/xamppfiles/htdocs/qjty/Application/Common/Common/function.php 第 1756 行.
NOTIC: [8] Undefined variable: core_side_category /Applications/XAMPP/xamppfiles/htdocs/qjty/Runtime/Cache/Home/c9059ee4065f465f8f9ac3308297cb76.php 第 124 行.
NOTIC: [8] Undefined variable: post_url /Applications/XAMPP/xamppfiles/htdocs/qjty/Runtime/Cache/Home/c9059ee4065f465f8f9ac3308297cb76.php 第 158 行.
NOTIC: [8] Undefined variable: data /Applications/XAMPP/xamppfiles/htdocs/qjty/Runtime/Cache/Home/c9059ee4065f465f8f9ac3308297cb76.php 第 205 行.
INFO: [ dynamic_select ] --START--
SQL: SELECT `id`,`project_name` FROM `wp_ori_project` WHERE `token` = 'gh_b23feae36317' ORDER BY id asc  [ RunTime:0.0005s ]
INFO: [ view_parse ] --START--
INFO: [ template_filter ] --START--
INFO: Run Behavior\ContentReplaceBehavior [ RunTime:0.000035s ]
INFO: [ template_filter ] --END-- [ RunTime:-0.017210s ]
NOTIC: [8] Undefined offset: 1 /Applications/XAMPP/xamppfiles/htdocs/qjty/Application/Common/Common/function.php 第 1230 行.
NOTIC: [8] Undefined offset: 1 /Applications/XAMPP/xamppfiles/htdocs/qjty/Application/Common/Common/function.php 第 1230 行.
NOTIC: [8] Undefined offset: 1 /Applications/XAMPP/xamppfiles/htdocs/qjty/Application/Common/Common/function.php 第 1230 行.
INFO: Run Behavior\ParseTemplateBehavior [ RunTime:0.002636s ]
INFO: [ view_parse ] --END-- [ RunTime:0.002672s ]
INFO: [ view_filter ] --START--
INFO: Run Behavior\WriteHtmlCacheBehavior [ RunTime:0.000115s ]
INFO: [ view_filter ] --END-- [ RunTime:0.000140s ]
INFO: Run Plugins\DynamicSelect\DynamicSelectAddon [ RunTime:0.007384s ]
INFO: [ dynamic_select ] --END-- [ RunTime:0.007406s ]
NOTIC: [8] Use of undefined constant name - assumed 'name' /Applications/XAMPP/xamppfiles/htdocs/qjty/Runtime/Cache/Home/c9059ee4065f465f8f9ac3308297cb76.php 第 169 行.
NOTIC: [8] Use of undefined constant value - assumed 'value' /Applications/XAMPP/xamppfiles/htdocs/qjty/Runtime/Cache/Home/c9059ee4065f465f8f9ac3308297cb76.php 第 169 行.
NOTIC: [8] Use of undefined constant name - assumed 'name' /Applications/XAMPP/xamppfiles/htdocs/qjty/Runtime/Cache/Home/c9059ee4065f465f8f9ac3308297cb76.php 第 168 行.
NOTIC: [8] Use of undefined constant value - assumed 'value' /Applications/XAMPP/xamppfiles/htdocs/qjty/Runtime/Cache/Home/c9059ee4065f465f8f9ac3308297cb76.php 第 168 行.
NOTIC: [8] Use of undefined constant name - assumed 'name' /Applications/XAMPP/xamppfiles/htdocs/qjty/Runtime/Cache/Home/c9059ee4065f465f8f9ac3308297cb76.php 第 169 行.
NOTIC: [8] Use of undefined constant value - assumed 'value' /Applications/XAMPP/xamppfiles/htdocs/qjty/Runtime/Cache/Home/c9059ee4065f465f8f9ac3308297cb76.php 第 169 行.
NOTIC: [8] Undefined variable: addons /Applications/XAMPP/xamppfiles/htdocs/qjty/Application/Common/Common/function.php 第 501 行.
NOTIC: [8] Undefined variable: UploadFileExts /Applications/XAMPP/xamppfiles/htdocs/qjty/Runtime/Cache/Home/c9059ee4065f465f8f9ac3308297cb76.php 第 358 行.
INFO: Run Behavior\ParseTemplateBehavior [ RunTime:0.003103s ]
INFO: [ view_parse ] --END-- [ RunTime:0.002672s ]
INFO: [ view_filter ] --START--
INFO: Run Behavior\WriteHtmlCacheBehavior [ RunTime:0.000006s ]
INFO: [ view_filter ] --END-- [ RunTime:-0.000322s ]
INFO: [ app_end ] --START--
INFO: Run Behavior\ShowPageTraceBehavior [ RunTime:0.000662s ]
INFO: Run Behavior\CronRunBehavior [ RunTime:0.000686s ]
INFO: [ app_end ] --END-- [ RunTime:0.001433s ]

[ 2016-09-21T20:00:48+08:00 ] ::1 /qjty/index.php?s=/addon/UserCenter/UserCenter/lists.html&isAjax=ajax&isRadio=1
INFO: [ app_init ] --START--
INFO: Run Behavior\BuildLiteBehavior [ RunTime:0.000017s ]
INFO: Run Common\Behavior\InitHookBehavior [ RunTime:0.001224s ]
INFO: [ app_init ] --END-- [ RunTime:0.001648s ]
INFO: [ app_begin ] --START--
INFO: Run Behavior\ReadHtmlCacheBehavior [ RunTime:0.000469s ]
INFO: [ app_begin ] --END-- [ RunTime:0.000526s ]
NOTIC: [2048] Declaration of Addons\UserCenter\Controller\UserCenterController::lists() should be compatible with Home\Controller\AddonsController::lists($model = NULL, $page = 0) /Applications/XAMPP/xamppfiles/htdocs/qjty/Addons/UserCenter/Controller/UserCenterController.class.php 第 7 行.
NOTIC: [2048] Declaration of Addons\UserCenter\Controller\UserCenterController::edit() should be compatible with Home\Controller\AddonsController::edit($model = NULL, $id = 0) /Applications/XAMPP/xamppfiles/htdocs/qjty/Addons/UserCenter/Controller/UserCenterController.class.php 第 7 行.
NOTIC: [8] Undefined index: uid /Applications/XAMPP/xamppfiles/htdocs/qjty/ThinkPHP/Library/Think/Controller.class.php 第 524 行.
NOTIC: [8] Undefined variable: addons /Applications/XAMPP/xamppfiles/htdocs/qjty/Application/Common/Common/function.php 第 501 行.
NOTIC: [8] Undefined variable: addons /Applications/XAMPP/xamppfiles/htdocs/qjty/Application/Common/Common/function.php 第 501 行.
NOTIC: [8] Undefined variable: addons /Applications/XAMPP/xamppfiles/htdocs/qjty/Application/Common/Common/function.php 第 501 行.
NOTIC: [8] Undefined variable: addons /Applications/XAMPP/xamppfiles/htdocs/qjty/Application/Common/Common/function.php 第 501 行.
NOTIC: [8] Undefined variable: addons /Applications/XAMPP/xamppfiles/htdocs/qjty/Application/Common/Common/function.php 第 501 行.
NOTIC: [8] Undefined variable: addons /Applications/XAMPP/xamppfiles/htdocs/qjty/Application/Common/Common/function.php 第 501 行.
NOTIC: [8] Undefined variable: addons /Applications/XAMPP/xamppfiles/htdocs/qjty/Application/Common/Common/function.php 第 501 行.
NOTIC: [8] Undefined variable: addons /Applications/XAMPP/xamppfiles/htdocs/qjty/Application/Common/Common/function.php 第 501 行.
NOTIC: [8] Undefined variable: addons /Applications/XAMPP/xamppfiles/htdocs/qjty/Application/Common/Common/function.php 第 501 行.
NOTIC: [8] Undefined variable: addons /Applications/XAMPP/xamppfiles/htdocs/qjty/Application/Common/Common/function.php 第 501 行.
NOTIC: [8] Undefined variable: addons /Applications/XAMPP/xamppfiles/htdocs/qjty/Application/Common/Common/function.php 第 501 行.
NOTIC: [8] Undefined variable: addons /Applications/XAMPP/xamppfiles/htdocs/qjty/Application/Common/Common/function.php 第 501 行.
NOTIC: [8] Undefined variable: addons /Applications/XAMPP/xamppfiles/htdocs/qjty/Application/Common/Common/function.php 第 501 行.
NOTIC: [8] Undefined variable: addons /Applications/XAMPP/xamppfiles/htdocs/qjty/Application/Common/Common/function.php 第 501 行.
NOTIC: [8] Undefined variable: addons /Applications/XAMPP/xamppfiles/htdocs/qjty/Application/Common/Common/function.php 第 501 行.
NOTIC: [8] Undefined variable: addons /Applications/XAMPP/xamppfiles/htdocs/qjty/Application/Common/Common/function.php 第 501 行.
NOTIC: [8] Undefined variable: addons /Applications/XAMPP/xamppfiles/htdocs/qjty/Application/Common/Common/function.php 第 501 行.
NOTIC: [8] Undefined variable: addons /Applications/XAMPP/xamppfiles/htdocs/qjty/Application/Common/Common/function.php 第 501 行.
NOTIC: [8] Undefined variable: addons /Applications/XAMPP/xamppfiles/htdocs/qjty/Application/Common/Common/function.php 第 501 行.
NOTIC: [8] Undefined variable: addons /Applications/XAMPP/xamppfiles/htdocs/qjty/Application/Common/Common/function.php 第 501 行.
NOTIC: [8] Undefined variable: addons /Applications/XAMPP/xamppfiles/htdocs/qjty/Application/Common/Common/function.php 第 501 行.
NOTIC: [8] Undefined variable: addons /Applications/XAMPP/xamppfiles/htdocs/qjty/Application/Common/Common/function.php 第 501 行.
NOTIC: [8] Undefined variable: addons /Applications/XAMPP/xamppfiles/htdocs/qjty/Application/Common/Common/function.php 第 501 行.
NOTIC: [8] Undefined variable: addons /Applications/XAMPP/xamppfiles/htdocs/qjty/Application/Common/Common/function.php 第 501 行.
NOTIC: [8] Undefined variable: addons /Applications/XAMPP/xamppfiles/htdocs/qjty/Application/Common/Common/function.php 第 501 行.
NOTIC: [8] Undefined variable: addons /Applications/XAMPP/xamppfiles/htdocs/qjty/Application/Common/Common/function.php 第 501 行.
NOTIC: [8] Undefined variable: addons /Applications/XAMPP/xamppfiles/htdocs/qjty/Application/Common/Common/function.php 第 501 行.
NOTIC: [8] Undefined variable: addons /Applications/XAMPP/xamppfiles/htdocs/qjty/Application/Common/Common/function.php 第 501 行.
NOTIC: [8] Undefined variable: addons /Applications/XAMPP/xamppfiles/htdocs/qjty/Application/Common/Common/function.php 第 501 行.
NOTIC: [8] Undefined variable: addons /Applications/XAMPP/xamppfiles/htdocs/qjty/Application/Common/Common/function.php 第 501 行.
NOTIC: [8] Undefined variable: addons /Applications/XAMPP/xamppfiles/htdocs/qjty/Application/Common/Common/function.php 第 501 行.
NOTIC: [8] Undefined variable: addons /Applications/XAMPP/xamppfiles/htdocs/qjty/Application/Common/Common/function.php 第 501 行.
NOTIC: [8] Undefined variable: addons /Applications/XAMPP/xamppfiles/htdocs/qjty/Application/Common/Common/function.php 第 501 行.
NOTIC: [8] Undefined variable: addons /Applications/XAMPP/xamppfiles/htdocs/qjty/Application/Common/Common/function.php 第 501 行.
NOTIC: [8] Undefined variable: addons /Applications/XAMPP/xamppfiles/htdocs/qjty/Application/Common/Common/function.php 第 501 行.
NOTIC: [8] Undefined variable: addons /Applications/XAMPP/xamppfiles/htdocs/qjty/Application/Common/Common/function.php 第 501 行.
NOTIC: [8] Undefined variable: addons /Applications/XAMPP/xamppfiles/htdocs/qjty/Application/Common/Common/function.php 第 501 行.
NOTIC: [8] Undefined variable: addons /Applications/XAMPP/xamppfiles/htdocs/qjty/Application/Common/Common/function.php 第 501 行.
SQL: SELECT * FROM `wp_manager_menu` WHERE `uid` = 1 AND `is_hide` = 0 ORDER BY sort asc, id asc  [ RunTime:0.0011s ]
NOTIC: [8] Undefined variable: addons /Applications/XAMPP/xamppfiles/htdocs/qjty/Application/Common/Common/function.php 第 501 行.
NOTIC: [8] Undefined variable: addons /Applications/XAMPP/xamppfiles/htdocs/qjty/Application/Common/Common/function.php 第 501 行.
NOTIC: [8] Undefined variable: addons /Applications/XAMPP/xamppfiles/htdocs/qjty/Application/Common/Common/function.php 第 501 行.
NOTIC: [8] Undefined variable: addons /Applications/XAMPP/xamppfiles/htdocs/qjty/Application/Common/Common/function.php 第 501 行.
NOTIC: [8] Undefined variable: addons /Applications/XAMPP/xamppfiles/htdocs/qjty/Application/Common/Common/function.php 第 501 行.
NOTIC: [8] Undefined variable: addons /Applications/XAMPP/xamppfiles/htdocs/qjty/Application/Common/Common/function.php 第 501 行.
NOTIC: [8] Undefined variable: addons /Applications/XAMPP/xamppfiles/htdocs/qjty/Application/Common/Common/function.php 第 501 行.
NOTIC: [8] Undefined variable: addons /Applications/XAMPP/xamppfiles/htdocs/qjty/Application/Common/Common/function.php 第 501 行.
NOTIC: [8] Undefined variable: addons /Applications/XAMPP/xamppfiles/htdocs/qjty/Application/Common/Common/function.php 第 501 行.
NOTIC: [8] Undefined offset: 14 /Applications/XAMPP/xamppfiles/htdocs/qjty/Application/Common/Model/ManagerMenuModel.class.php 第 106 行.
NOTIC: [8] Undefined offset: 14 /Applications/XAMPP/xamppfiles/htdocs/qjty/Application/Common/Model/ManagerMenuModel.class.php 第 116 行.
NOTIC: [8] Undefined offset: 60 /Applications/XAMPP/xamppfiles/htdocs/qjty/Application/Common/Model/ManagerMenuModel.class.php 第 106 行.
NOTIC: [8] Undefined offset: 60 /Applications/XAMPP/xamppfiles/htdocs/qjty/Application/Common/Model/ManagerMenuModel.class.php 第 116 行.
SQL: SELECT * FROM `wp_public_link` WHERE `uid` = 1  [ RunTime:0.0004s ]
NOTIC: [8] Undefined index: query /Applications/XAMPP/xamppfiles/htdocs/qjty/ThinkPHP/Common/functions.php 第 1002 行.
NOTIC: [8] Undefined index: query /Applications/XAMPP/xamppfiles/htdocs/qjty/ThinkPHP/Common/functions.php 第 1002 行.
SQL: SELECT * FROM `wp_model` WHERE `name` = 'user' LIMIT 1   [ RunTime:0.0005s ]
SQL: SELECT `name` FROM `wp_attribute` WHERE ( model_id=1 )  [ RunTime:0.0010s ]
SQL: SHOW COLUMNS FROM `wp_public_follow` [ RunTime:0.0022s ]
SQL: SELECT u.uid,f.openid FROM wp_public_follow as f INNER JOIN wp_user as u ON f.uid=u.uid  WHERE u.status > 0 AND f.token = 'gh_b23feae36317' AND f.has_subscribe = 1 ORDER BY u.uid desc LIMIT 0,20   [ RunTime:0.0004s ]
NOTIC: [2] Invalid argument supplied for foreach() /Applications/XAMPP/xamppfiles/htdocs/qjty/Addons/UserCenter/Controller/UserCenterController.class.php 第 69 行.
SQL: SHOW COLUMNS FROM `wp_public_follow` [ RunTime:0.0017s ]
SQL: SELECT COUNT(*) AS tp_count FROM wp_public_follow as f INNER JOIN wp_user as u ON f.uid=u.uid  WHERE u.status > 0 AND f.token = 'gh_b23feae36317' AND f.has_subscribe = 1 LIMIT 1   [ RunTime:0.0005s ]
SQL: SHOW COLUMNS FROM `wp_auth_group` [ RunTime:0.0025s ]
SQL: SELECT * FROM `wp_auth_group` WHERE `token` = 'gh_b23feae36317' AND `manager_id` = 1  [ RunTime:0.0008s ]
SQL: SHOW COLUMNS FROM `wp_user_tag` [ RunTime:0.0027s ]
SQL: SELECT * FROM `wp_user_tag` WHERE `token` = 'gh_b23feae36317'  [ RunTime:0.0003s ]
INFO: [ view_parse ] --START--
INFO: [ template_filter ] --START--
INFO: Run Behavior\ContentReplaceBehavior [ RunTime:0.000123s ]
INFO: [ template_filter ] --END-- [ RunTime:0.000207s ]
NOTIC: [8] Undefined variable: addons /Applications/XAMPP/xamppfiles/htdocs/qjty/Application/Common/Common/function.php 第 501 行.
NOTIC: [8] Undefined variable: 0 /Applications/XAMPP/xamppfiles/htdocs/qjty/Runtime/Cache/Home/3729dc82a3eb5425b790ccdb3013f7af.php 第 49 行.
NOTIC: [8] Undefined variable: addons /Applications/XAMPP/xamppfiles/htdocs/qjty/Application/Common/Common/function.php 第 501 行.
NOTIC: [8] Use of undefined constant isRadio - assumed 'isRadio' /Applications/XAMPP/xamppfiles/htdocs/qjty/Runtime/Cache/Home/3729dc82a3eb5425b790ccdb3013f7af.php 第 70 行.
NOTIC: [8] Undefined variable: addons /Applications/XAMPP/xamppfiles/htdocs/qjty/Application/Common/Common/function.php 第 501 行.
INFO: Run Behavior\ParseTemplateBehavior [ RunTime:0.016778s ]
INFO: [ view_parse ] --END-- [ RunTime:0.016853s ]
INFO: [ view_filter ] --START--
INFO: Run Behavior\WriteHtmlCacheBehavior [ RunTime:0.000156s ]
INFO: [ view_filter ] --END-- [ RunTime:0.000189s ]
INFO: [ app_end ] --START--
INFO: Run Behavior\ShowPageTraceBehavior [ RunTime:0.000532s ]
INFO: Run Behavior\CronRunBehavior [ RunTime:0.001245s ]
INFO: [ app_end ] --END-- [ RunTime:0.001919s ]

[ 2016-09-21T20:00:54+08:00 ] ::1 /qjty/index.php?s=/addon/UserCenter/UserCenter/lists/isAjax/1/isRadio/1.html
INFO: [ app_init ] --START--
INFO: Run Behavior\BuildLiteBehavior [ RunTime:0.000010s ]
INFO: Run Common\Behavior\InitHookBehavior [ RunTime:0.000879s ]
INFO: [ app_init ] --END-- [ RunTime:0.001135s ]
INFO: [ app_begin ] --START--
INFO: Run Behavior\ReadHtmlCacheBehavior [ RunTime:0.000300s ]
INFO: [ app_begin ] --END-- [ RunTime:0.000329s ]
NOTIC: [2048] Declaration of Addons\UserCenter\Controller\UserCenterController::lists() should be compatible with Home\Controller\AddonsController::lists($model = NULL, $page = 0) /Applications/XAMPP/xamppfiles/htdocs/qjty/Addons/UserCenter/Controller/UserCenterController.class.php 第 7 行.
NOTIC: [2048] Declaration of Addons\UserCenter\Controller\UserCenterController::edit() should be compatible with Home\Controller\AddonsController::edit($model = NULL, $id = 0) /Applications/XAMPP/xamppfiles/htdocs/qjty/Addons/UserCenter/Controller/UserCenterController.class.php 第 7 行.
NOTIC: [8] Undefined index: uid /Applications/XAMPP/xamppfiles/htdocs/qjty/ThinkPHP/Library/Think/Controller.class.php 第 524 行.
NOTIC: [8] Undefined variable: addons /Applications/XAMPP/xamppfiles/htdocs/qjty/Application/Common/Common/function.php 第 501 行.
NOTIC: [8] Undefined variable: addons /Applications/XAMPP/xamppfiles/htdocs/qjty/Application/Common/Common/function.php 第 501 行.
NOTIC: [8] Undefined variable: addons /Applications/XAMPP/xamppfiles/htdocs/qjty/Application/Common/Common/function.php 第 501 行.
NOTIC: [8] Undefined variable: addons /Applications/XAMPP/xamppfiles/htdocs/qjty/Application/Common/Common/function.php 第 501 行.
NOTIC: [8] Undefined variable: addons /Applications/XAMPP/xamppfiles/htdocs/qjty/Application/Common/Common/function.php 第 501 行.
NOTIC: [8] Undefined variable: addons /Applications/XAMPP/xamppfiles/htdocs/qjty/Application/Common/Common/function.php 第 501 行.
NOTIC: [8] Undefined variable: addons /Applications/XAMPP/xamppfiles/htdocs/qjty/Application/Common/Common/function.php 第 501 行.
NOTIC: [8] Undefined variable: addons /Applications/XAMPP/xamppfiles/htdocs/qjty/Application/Common/Common/function.php 第 501 行.
NOTIC: [8] Undefined variable: addons /Applications/XAMPP/xamppfiles/htdocs/qjty/Application/Common/Common/function.php 第 501 行.
NOTIC: [8] Undefined variable: addons /Applications/XAMPP/xamppfiles/htdocs/qjty/Application/Common/Common/function.php 第 501 行.
NOTIC: [8] Undefined variable: addons /Applications/XAMPP/xamppfiles/htdocs/qjty/Application/Common/Common/function.php 第 501 行.
NOTIC: [8] Undefined variable: addons /Applications/XAMPP/xamppfiles/htdocs/qjty/Application/Common/Common/function.php 第 501 行.
NOTIC: [8] Undefined variable: addons /Applications/XAMPP/xamppfiles/htdocs/qjty/Application/Common/Common/function.php 第 501 行.
NOTIC: [8] Undefined variable: addons /Applications/XAMPP/xamppfiles/htdocs/qjty/Application/Common/Common/function.php 第 501 行.
NOTIC: [8] Undefined variable: addons /Applications/XAMPP/xamppfiles/htdocs/qjty/Application/Common/Common/function.php 第 501 行.
NOTIC: [8] Undefined variable: addons /Applications/XAMPP/xamppfiles/htdocs/qjty/Application/Common/Common/function.php 第 501 行.
NOTIC: [8] Undefined variable: addons /Applications/XAMPP/xamppfiles/htdocs/qjty/Application/Common/Common/function.php 第 501 行.
NOTIC: [8] Undefined variable: addons /Applications/XAMPP/xamppfiles/htdocs/qjty/Application/Common/Common/function.php 第 501 行.
NOTIC: [8] Undefined variable: addons /Applications/XAMPP/xamppfiles/htdocs/qjty/Application/Common/Common/function.php 第 501 行.
NOTIC: [8] Undefined variable: addons /Applications/XAMPP/xamppfiles/htdocs/qjty/Application/Common/Common/function.php 第 501 行.
NOTIC: [8] Undefined variable: addons /Applications/XAMPP/xamppfiles/htdocs/qjty/Application/Common/Common/function.php 第 501 行.
NOTIC: [8] Undefined variable: addons /Applications/XAMPP/xamppfiles/htdocs/qjty/Application/Common/Common/function.php 第 501 行.
NOTIC: [8] Undefined variable: addons /Applications/XAMPP/xamppfiles/htdocs/qjty/Application/Common/Common/function.php 第 501 行.
NOTIC: [8] Undefined variable: addons /Applications/XAMPP/xamppfiles/htdocs/qjty/Application/Common/Common/function.php 第 501 行.
NOTIC: [8] Undefined variable: addons /Applications/XAMPP/xamppfiles/htdocs/qjty/Application/Common/Common/function.php 第 501 行.
NOTIC: [8] Undefined variable: addons /Applications/XAMPP/xamppfiles/htdocs/qjty/Application/Common/Common/function.php 第 501 行.
NOTIC: [8] Undefined variable: addons /Applications/XAMPP/xamppfiles/htdocs/qjty/Application/Common/Common/function.php 第 501 行.
NOTIC: [8] Undefined variable: addons /Applications/XAMPP/xamppfiles/htdocs/qjty/Application/Common/Common/function.php 第 501 行.
NOTIC: [8] Undefined variable: addons /Applications/XAMPP/xamppfiles/htdocs/qjty/Application/Common/Common/function.php 第 501 行.
NOTIC: [8] Undefined variable: addons /Applications/XAMPP/xamppfiles/htdocs/qjty/Application/Common/Common/function.php 第 501 行.
NOTIC: [8] Undefined variable: addons /Applications/XAMPP/xamppfiles/htdocs/qjty/Application/Common/Common/function.php 第 501 行.
NOTIC: [8] Undefined variable: addons /Applications/XAMPP/xamppfiles/htdocs/qjty/Application/Common/Common/function.php 第 501 行.
NOTIC: [8] Undefined variable: addons /Applications/XAMPP/xamppfiles/htdocs/qjty/Application/Common/Common/function.php 第 501 行.
NOTIC: [8] Undefined variable: addons /Applications/XAMPP/xamppfiles/htdocs/qjty/Application/Common/Common/function.php 第 501 行.
NOTIC: [8] Undefined variable: addons /Applications/XAMPP/xamppfiles/htdocs/qjty/Application/Common/Common/function.php 第 501 行.
NOTIC: [8] Undefined variable: addons /Applications/XAMPP/xamppfiles/htdocs/qjty/Application/Common/Common/function.php 第 501 行.
NOTIC: [8] Undefined variable: addons /Applications/XAMPP/xamppfiles/htdocs/qjty/Application/Common/Common/function.php 第 501 行.
NOTIC: [8] Undefined variable: addons /Applications/XAMPP/xamppfiles/htdocs/qjty/Application/Common/Common/function.php 第 501 行.
SQL: SELECT * FROM `wp_manager_menu` WHERE `uid` = 1 AND `is_hide` = 0 ORDER BY sort asc, id asc  [ RunTime:0.0008s ]
NOTIC: [8] Undefined variable: addons /Applications/XAMPP/xamppfiles/htdocs/qjty/Application/Common/Common/function.php 第 501 行.
NOTIC: [8] Undefined variable: addons /Applications/XAMPP/xamppfiles/htdocs/qjty/Application/Common/Common/function.php 第 501 行.
NOTIC: [8] Undefined variable: addons /Applications/XAMPP/xamppfiles/htdocs/qjty/Application/Common/Common/function.php 第 501 行.
NOTIC: [8] Undefined variable: addons /Applications/XAMPP/xamppfiles/htdocs/qjty/Application/Common/Common/function.php 第 501 行.
NOTIC: [8] Undefined variable: addons /Applications/XAMPP/xamppfiles/htdocs/qjty/Application/Common/Common/function.php 第 501 行.
NOTIC: [8] Undefined variable: addons /Applications/XAMPP/xamppfiles/htdocs/qjty/Application/Common/Common/function.php 第 501 行.
NOTIC: [8] Undefined variable: addons /Applications/XAMPP/xamppfiles/htdocs/qjty/Application/Common/Common/function.php 第 501 行.
NOTIC: [8] Undefined variable: addons /Applications/XAMPP/xamppfiles/htdocs/qjty/Application/Common/Common/function.php 第 501 行.
NOTIC: [8] Undefined variable: addons /Applications/XAMPP/xamppfiles/htdocs/qjty/Application/Common/Common/function.php 第 501 行.
NOTIC: [8] Undefined offset: 14 /Applications/XAMPP/xamppfiles/htdocs/qjty/Application/Common/Model/ManagerMenuModel.class.php 第 106 行.
NOTIC: [8] Undefined offset: 14 /Applications/XAMPP/xamppfiles/htdocs/qjty/Application/Common/Model/ManagerMenuModel.class.php 第 116 行.
NOTIC: [8] Undefined offset: 60 /Applications/XAMPP/xamppfiles/htdocs/qjty/Application/Common/Model/ManagerMenuModel.class.php 第 106 行.
NOTIC: [8] Undefined offset: 60 /Applications/XAMPP/xamppfiles/htdocs/qjty/Application/Common/Model/ManagerMenuModel.class.php 第 116 行.
SQL: SELECT * FROM `wp_public_link` WHERE `uid` = 1  [ RunTime:0.0004s ]
NOTIC: [8] Undefined index: query /Applications/XAMPP/xamppfiles/htdocs/qjty/ThinkPHP/Common/functions.php 第 1002 行.
NOTIC: [8] Undefined index: query /Applications/XAMPP/xamppfiles/htdocs/qjty/ThinkPHP/Common/functions.php 第 1002 行.
SQL: SELECT `name` FROM `wp_attribute` WHERE ( model_id=1 )  [ RunTime:0.0004s ]
SQL: SHOW COLUMNS FROM `wp_public_follow` [ RunTime:0.0032s ]
SQL: SELECT u.uid,f.openid FROM wp_public_follow as f INNER JOIN wp_user as u ON f.uid=u.uid  WHERE u.status > 0 AND f.token = 'gh_b23feae36317' AND f.has_subscribe = 1 ORDER BY u.uid desc LIMIT 0,20   [ RunTime:0.0004s ]
NOTIC: [2] Invalid argument supplied for foreach() /Applications/XAMPP/xamppfiles/htdocs/qjty/Addons/UserCenter/Controller/UserCenterController.class.php 第 69 行.
SQL: SHOW COLUMNS FROM `wp_public_follow` [ RunTime:0.0016s ]
SQL: SELECT COUNT(*) AS tp_count FROM wp_public_follow as f INNER JOIN wp_user as u ON f.uid=u.uid  WHERE u.status > 0 AND f.token = 'gh_b23feae36317' AND f.has_subscribe = 1 LIMIT 1   [ RunTime:0.0004s ]
SQL: SELECT * FROM `wp_auth_group` WHERE `token` = 'gh_b23feae36317' AND `manager_id` = 1  [ RunTime:0.0004s ]
SQL: SELECT * FROM `wp_user_tag` WHERE `token` = 'gh_b23feae36317'  [ RunTime:0.0003s ]
INFO: [ view_parse ] --START--
INFO: [ template_filter ] --START--
INFO: Run Behavior\ContentReplaceBehavior [ RunTime:0.000089s ]
INFO: [ template_filter ] --END-- [ RunTime:0.000132s ]
NOTIC: [8] Undefined variable: addons /Applications/XAMPP/xamppfiles/htdocs/qjty/Application/Common/Common/function.php 第 501 行.
NOTIC: [8] Undefined variable: 0 /Applications/XAMPP/xamppfiles/htdocs/qjty/Runtime/Cache/Home/3729dc82a3eb5425b790ccdb3013f7af.php 第 49 行.
NOTIC: [8] Undefined variable: addons /Applications/XAMPP/xamppfiles/htdocs/qjty/Application/Common/Common/function.php 第 501 行.
NOTIC: [8] Use of undefined constant isRadio - assumed 'isRadio' /Applications/XAMPP/xamppfiles/htdocs/qjty/Runtime/Cache/Home/3729dc82a3eb5425b790ccdb3013f7af.php 第 70 行.
NOTIC: [8] Undefined variable: addons /Applications/XAMPP/xamppfiles/htdocs/qjty/Application/Common/Common/function.php 第 501 行.
INFO: Run Behavior\ParseTemplateBehavior [ RunTime:0.009096s ]
INFO: [ view_parse ] --END-- [ RunTime:0.009129s ]
INFO: [ view_filter ] --START--
INFO: Run Behavior\WriteHtmlCacheBehavior [ RunTime:0.000114s ]
INFO: [ view_filter ] --END-- [ RunTime:0.000139s ]
INFO: [ app_end ] --START--
INFO: Run Behavior\ShowPageTraceBehavior [ RunTime:0.000355s ]
INFO: Run Behavior\CronRunBehavior [ RunTime:0.000378s ]
INFO: [ app_end ] --END-- [ RunTime:0.000783s ]

